Log file open, 12/01/17 00:46:00
LogInit:Display: Running engine for game: Project1
LogPlatformFile: Not using cached read wrapper
LogInit:Display: RandInit(61841283) SRandInit(61841283).
LogTaskGraph: Started task graph with 5 named threads and 8 total threads with 1 sets of task threads.
LogStats: Stats thread started at 0.114248
LogInit: Using libcurl 7.47.1
LogInit:  - built for x86_64-pc-win32
LogInit:  - supports SSL with OpenSSL/1.0.2g
LogInit:  - supports HTTP deflate (compression) using libz 1.2.8
LogInit:  - other features:
LogInit:      CURL_VERSION_SSL
LogInit:      CURL_VERSION_LIBZ
LogInit:      CURL_VERSION_IPV6
LogInit:      CURL_VERSION_ASYNCHDNS
LogInit:      CURL_VERSION_LARGEFILE
LogInit:      CURL_VERSION_IDN
LogInit:  CurlRequestOptions (configurable via config and command line):
LogInit:  - bVerifyPeer = false  - Libcurl will NOT verify peer certificate
LogInit:  - bUseHttpProxy = false  - Libcurl will NOT use HTTP proxy
LogInit:  - bDontReuseConnections = false  - Libcurl will reuse connections
LogInit:  - CertBundlePath = nullptr  - Libcurl will use whatever was configured at build time.
LogInit: Build: ++UE4+Release-4.16-CL-3561208
LogInit: Engine Version: 4.16.3-3561208+++UE4+Release-4.16
LogInit: Compatible Engine Version: 4.16.0-3452394+++UE4+Release-4.16
LogInit: Net CL: 3452394
LogDevObjectVersion: Number of dev versions registered: 16
LogDevObjectVersion:   Dev-Blueprints (B0D832E4-1F89-4F0D-ACCF-7EB736FD4AA2): 9
LogDevObjectVersion:   Dev-Build (E1C64328-A22C-4D53-A36C-8E866417BD8C): 0
LogDevObjectVersion:   Dev-Core (375EC13C-06E4-48FB-B500-84F0262A717E): 2
LogDevObjectVersion:   Dev-Editor (E4B068ED-F494-42E9-A231-DA0B2E46BB41): 17
LogDevObjectVersion:   Dev-Framework (CFFC743F-43B0-4480-9391-14DF171D2073): 23
LogDevObjectVersion:   Dev-Mobile (B02B49B5-BB20-44E9-A304-32B752E40360): 0
LogDevObjectVersion:   Dev-Networking (A4E4105C-59A1-49B5-A7C5-40C4547EDFEE): 0
LogDevObjectVersion:   Dev-Online (39C831C9-5AE6-47DC-9A44-9C173E1C8E7C): 0
LogDevObjectVersion:   Dev-Physics (78F01B33-EBEA-4F98-B9B4-84EACCB95AA2): 0
LogDevObjectVersion:   Dev-Platform (6631380F-2D4D-43E0-8009-CF276956A95A): 0
LogDevObjectVersion:   Dev-Rendering (12F88B9F-8875-4AFC-A67C-D90C383ABD29): 15
LogDevObjectVersion:   Dev-Sequencer (7B5AE74C-D270-4C10-A958-57980B212A5A): 4
LogDevObjectVersion:   Dev-VR (D7296918-1DD6-4BDD-9DE2-64A83CC13884): 0
LogDevObjectVersion:   Dev-LoadTimes (C2A15278-BFE7-4AFE-6C17-90FF531DF755): 1
LogDevObjectVersion:   Private-Geometry (6EACA3D4-40EC-4CC1-B786-8BED09428FC5): 1
LogDevObjectVersion:   Dev-AnimPhys (29E575DD-E0A3-4627-9D10-D276232CDCEA): 3
LogInit: Compiled (64-bit): Jul 28 2017 11:49:47
LogInit: Compiled with Visual C++: 19.00.24215.01
LogInit: Build Configuration: Development
LogInit: Branch Name: ++UE4+Release-4.16
LogInit: Command line: -EpicPortal 
LogInit: Base directory: C:/Program Files/Epic Games/UE_4.16/Engine/Binaries/Win64/
LogInit: Installed Engine Build: 1
LogInit: Presizing for max 8388607 objects, including 0 objects not considered by GC, pre-allocating 0 bytes for permanent pool.
LogInit: Object subsystem initialized
[2017.11.30-23.46.01:077][  0]LogInit: Selected Device Profile: [Windows]
[2017.11.30-23.46.01:077][  0]LogInit: Applying CVar settings loaded from the selected device profile: [Windows]
[2017.11.30-23.46.01:088][  0]LogInit: Computer: RAQUEL-ASUS
[2017.11.30-23.46.01:088][  0]LogInit: User: Raquel
[2017.11.30-23.46.01:088][  0]LogInit: CPU Page size=4096, Cores=4
[2017.11.30-23.46.01:088][  0]LogInit: High frequency timer resolution =2.531250 MHz
[2017.11.30-23.46.01:088][  0]LogMemory: Memory total: Physical=31.9GB (32GB approx)
[2017.11.30-23.46.01:088][  0]LogMemory: Platform Memory Stats for Windows
[2017.11.30-23.46.01:088][  0]LogMemory: Process Physical Memory: 276.14 MB used, 276.14 MB peak
[2017.11.30-23.46.01:088][  0]LogMemory: Process Virtual Memory: 263.07 MB used, 263.07 MB peak
[2017.11.30-23.46.01:088][  0]LogMemory: Physical Memory: 9103.41 MB used,  23563.44 MB free, 32666.84 MB total
[2017.11.30-23.46.01:088][  0]LogMemory: Virtual Memory: 674.54 MB used,  23563.44 MB free, 134217728.00 MB total
[2017.11.30-23.46.01:173][  0]LogInit: Overriding language with editor language configuration option (en).
[2017.11.30-23.46.01:173][  0]LogInit: Overriding locale with editor locale configuration option (en).
[2017.11.30-23.46.02:191][  0]LogD3D11RHI: D3D11 adapters:
[2017.11.30-23.46.02:221][  0]LogD3D11RHI:    0. 'NVIDIA GeForce GTX 960M' (Feature Level 11_0)
[2017.11.30-23.46.02:221][  0]LogD3D11RHI:       4064/0/16333 MB DedicatedVideo/DedicatedSystem/SharedSystem, Outputs:1, VendorId:0x10de
[2017.11.30-23.46.02:228][  0]LogD3D11RHI:    1. 'Intel(R) HD Graphics 530' (Feature Level 11_0)
[2017.11.30-23.46.02:228][  0]LogD3D11RHI:       128/0/16333 MB DedicatedVideo/DedicatedSystem/SharedSystem, Outputs:0, VendorId:0x8086
[2017.11.30-23.46.02:230][  0]LogD3D11RHI:    2. 'Microsoft Basic Render Driver' (Feature Level 11_0)
[2017.11.30-23.46.02:230][  0]LogD3D11RHI:       0/0/16333 MB DedicatedVideo/DedicatedSystem/SharedSystem, Outputs:0, VendorId:0x1414
[2017.11.30-23.46.02:230][  0]LogD3D11RHI: Chosen D3D11 Adapter: 0
[2017.11.30-23.46.02:239][  0]LogD3D11RHI: Creating new Direct3DDevice
[2017.11.30-23.46.02:239][  0]LogD3D11RHI:     GPU DeviceId: 0x139b (for the marketing name, search the web for "GPU Device Id")
[2017.11.30-23.46.02:239][  0]LogWindows: EnumDisplayDevices:
[2017.11.30-23.46.02:239][  0]LogWindows:    0. 'Intel(R) HD Graphics 530' (P:1 D:1)
[2017.11.30-23.46.02:239][  0]LogWindows:    1. 'Intel(R) HD Graphics 530' (P:0 D:0)
[2017.11.30-23.46.02:239][  0]LogWindows:    2. 'Intel(R) HD Graphics 530' (P:0 D:0)
[2017.11.30-23.46.02:240][  0]LogWindows: DebugString: GetVideoDriverDetailsInvalid PrimaryIsNotTheChoosenAdapter GetVideoDriverDetailsInvalid PrimaryIsNotTheChoosenAdapter GetVideoDriverDetailsInvalid PrimaryIsNotTheChoosenAdapter FoundDriverCount:0 
[2017.11.30-23.46.02:240][  0]LogD3D11RHI:     Adapter Name: NVIDIA GeForce GTX 960M
[2017.11.30-23.46.02:240][  0]LogD3D11RHI:   Driver Version: Unknown (internal:Unknown, unified:Unknown)
[2017.11.30-23.46.02:240][  0]LogD3D11RHI:      Driver Date: Unknown
[2017.11.30-23.46.02:240][  0]LogRHI: Texture pool is 1361 MB (70% of 1945 MB)
[2017.11.30-23.46.02:252][  0]LogD3D11RHI: Async texture creation enabled
[2017.11.30-23.46.02:266][  0]LogD3D11RHI: GPU Timing Frequency: 1000.000000 (Debug: 2 1)
[2017.11.30-23.46.02:267][  0]LogShaderCompilers: Guid format shader working directory is -54 characters bigger than the processId version (D:/Documentos/___Universidad/3º/1er semestre/Ingeniería de Videojuegos/Prácticas/1. Parte 1/Project1/Intermediate/Shaders/WorkingDirectory/27636/).
[2017.11.30-23.46.02:267][  0]LogShaderCompilers: Cleaned the shader compiler working directory 'C:/Users/Raquel/AppData/Local/Temp/UnrealShaderWorkingDir/0AE98B574FD05526732A56B9199E9174/'.
[2017.11.30-23.46.02:267][  0]LogShaderCompilers:Display: Using Local Shader Compiler.
[2017.11.30-23.46.03:401][  0]LogTemp:Display: Loaded TP AllDesktopTargetPlatform
[2017.11.30-23.46.03:457][  0]LogTemp:Display: Loaded TP MacClientTargetPlatform
[2017.11.30-23.46.03:520][  0]LogTemp:Display: Loaded TP MacNoEditorTargetPlatform
[2017.11.30-23.46.03:574][  0]LogTemp:Display: Loaded TP MacServerTargetPlatform
[2017.11.30-23.46.03:628][  0]LogTemp:Display: Loaded TP MacTargetPlatform
[2017.11.30-23.46.03:688][  0]LogTemp:Display: Loaded TP WindowsClientTargetPlatform
[2017.11.30-23.46.03:746][  0]LogTemp:Display: Loaded TP WindowsNoEditorTargetPlatform
[2017.11.30-23.46.03:802][  0]LogTemp:Display: Loaded TP WindowsServerTargetPlatform
[2017.11.30-23.46.03:846][  0]LogTemp:Display: Loaded TP WindowsTargetPlatform
[2017.11.30-23.46.03:894][  0]LogTemp:Display: Loaded TP AndroidTargetPlatform
[2017.11.30-23.46.03:949][  0]LogTemp:Display: Loaded TP Android_ASTCTargetPlatform
[2017.11.30-23.46.04:012][  0]LogTemp:Display: Loaded TP Android_ATCTargetPlatform
[2017.11.30-23.46.04:063][  0]LogTemp:Display: Loaded TP Android_DXTTargetPlatform
[2017.11.30-23.46.04:116][  0]LogTemp:Display: Loaded TP Android_ETC1TargetPlatform
[2017.11.30-23.46.04:168][  0]LogTemp:Display: Loaded TP Android_ETC2TargetPlatform
[2017.11.30-23.46.04:280][  0]LogTemp:Display: Loaded TP Android_MultiTargetPlatform
[2017.11.30-23.46.04:280][  0]LogTemp:Display: Loaded TP Android_PVRTCTargetPlatform
[2017.11.30-23.46.04:318][  0]LogTemp:Display: Loaded TP HTML5TargetPlatform
[2017.11.30-23.46.04:414][  0]LogTemp:Display: Loaded TP IOSTargetPlatform
[2017.11.30-23.46.04:454][  0]LogTemp:Display: Loaded TP TVOSTargetPlatform
[2017.11.30-23.46.04:512][  0]LogTemp:Display: Loaded TP LinuxClientTargetPlatform
[2017.11.30-23.46.04:561][  0]LogTemp:Display: Loaded TP LinuxNoEditorTargetPlatform
[2017.11.30-23.46.04:609][  0]LogTemp:Display: Loaded TP LinuxServerTargetPlatform
[2017.11.30-23.46.04:667][  0]LogTemp:Display: Loaded TP LinuxTargetPlatform
[2017.11.30-23.46.04:667][  0]LogTargetPlatformManager:Display: Building Assets For Windows
[2017.11.30-23.46.05:212][  0]LogDerivedDataCache:Display: Max Cache Size: 512 MB
[2017.11.30-23.46.05:295][  0]LogDerivedDataCache: Loaded boot cache 0.08s 90MB C:/Users/Raquel/AppData/Local/UnrealEngine/4.16/DerivedDataCache/Boot.ddc.
[2017.11.30-23.46.05:295][  0]LogDerivedDataCache:Display: Loaded Boot cache: C:/Users/Raquel/AppData/Local/UnrealEngine/4.16/DerivedDataCache/Boot.ddc
[2017.11.30-23.46.05:295][  0]LogDerivedDataCache: FDerivedDataBackendGraph:  Pak pak cache file D:/Documentos/___Universidad/3º/1er semestre/Ingeniería de Videojuegos/Prácticas/1. Parte 1/Project1/DerivedDataCache/DDC.ddp not found, will not use a pak cache.
[2017.11.30-23.46.05:295][  0]LogDerivedDataCache: Unable to find inner node Pak for hierarchical cache Hierarchy.
[2017.11.30-23.46.05:295][  0]LogDerivedDataCache: FDerivedDataBackendGraph:  CompressedPak pak cache file D:/Documentos/___Universidad/3º/1er semestre/Ingeniería de Videojuegos/Prácticas/1. Parte 1/Project1/DerivedDataCache/Compressed.ddp not found, will not use a pak cache.
[2017.11.30-23.46.05:295][  0]LogDerivedDataCache: Unable to find inner node CompressedPak for hierarchical cache Hierarchy.
[2017.11.30-23.46.05:314][  0]LogDerivedDataCache:Display: Pak cache opened for reading ../../../Engine/DerivedDataCache/Compressed.ddp.
[2017.11.30-23.46.05:326][  0]LogDerivedDataCache: Using Local data cache path C:/Users/Raquel/AppData/Local/UnrealEngine/Common/DerivedDataCache: Writable
[2017.11.30-23.46.05:336][  0]LogMaterial: Verifying Global Shaders for PCD3D_SM5
[2017.11.30-23.46.05:336][  0]LogSlate: Using Freetype 2.6.0
[2017.11.30-23.46.05:336][  0]LogSlate: SlateFontCache - WITH_FREETYPE: 1, WITH_HARFBUZZ: 1
[2017.11.30-23.46.05:336][  0]LogSlate: SlateFontCache - WITH_FREETYPE: 1, WITH_HARFBUZZ: 1
[2017.11.30-23.46.05:688][  0]LogInit: Selected Device Profile: [Windows]
[2017.11.30-23.46.05:760][  0]LogContentStreaming: Texture pool size is 0.00 MB
[2017.11.30-23.46.05:942][  0]LogMeshUtilities: Using QuadricMeshReduction for automatic static mesh reduction
[2017.11.30-23.46.05:989][  0]LogSimplygon: Simplygon DLL not present - disabling.
[2017.11.30-23.46.06:049][  0]LogMeshUtilities: Using SimplygonSwarm for distributed automatic mesh merging
[2017.11.30-23.46.06:049][  0]LogMeshUtilities: No automatic skeletal mesh reduction module available
[2017.11.30-23.46.06:049][  0]LogMeshUtilities: No automatic mesh merging module available
[2017.11.30-23.46.06:677][  0]LogNetVersion: Project1 , NetCL: 3452394, EngineNetVer: 2, GameNetVer: 0 (Checksum: 3220768879)
[2017.11.30-23.46.06:741][  0]LogAssetRegistry: FAssetRegistry took 0.0260 seconds to start up
[2017.11.30-23.46.06:784][  0]LogPackageLocalizationCache: Processed 4 localized package path(s) for 1 prioritized culture(s) in 0.017381 seconds
[2017.11.30-23.46.06:790][  0]LogUObjectArray: 34194 objects as part of root set at end of initial load.
[2017.11.30-23.46.06:790][  0]LogUObjectAllocator: 7260424 out of 0 bytes used by permanent object pool.
[2017.11.30-23.46.06:790][  0]LogUObjectArray: CloseDisregardForGC: 0/0 objects in disregard for GC pool
[2017.11.30-23.46.06:870][  0]LogInit: WinSock: version 1.1 (2.2), MaxSocks=32767, MaxUdp=65467
[2017.11.30-23.46.09:466][  0]LogTcpMessaging: Initializing TcpMessaging bridge
[2017.11.30-23.46.09:506][  0]LogUdpMessaging: Initializing bridge on interface 0.0.0.0:0 to multicast group 230.0.0.1:6666.
[2017.11.30-23.46.10:069][  0]LogMaterial: Uniform references updated for custom material expression Custom.
[2017.11.30-23.46.10:511][  0]SourceControl: Info Source control is disabled
[2017.11.30-23.46.10:579][  0]SourceControl: Info Source control is disabled
[2017.11.30-23.46.10:625][  0]SourceControl: Info Source control is disabled
[2017.11.30-23.46.10:673][  0]SourceControl: Info Source control is disabled
[2017.11.30-23.46.11:430][  0]LogAndroidPermission: UAndroidPermissionCallbackProxy::GetInstance
[2017.11.30-23.46.12:076][  0]LogEngine: Initializing Engine...
[2017.11.30-23.46.12:076][  0]LogHMD: Failed to initialize OpenVR with code 110
[2017.11.30-23.46.12:278][  0]LogStats: UGameplayTagsManager::ConstructGameplayTagTree: Construct from data asset -  0.000 s
[2017.11.30-23.46.12:278][  0]LogStats: UGameplayTagsManager::ConstructGameplayTagTree: GameplayTagTreeChangedEvent.Broadcast -  0.000 s
[2017.11.30-23.46.12:427][  0]LogAIModule: Creating AISystem for world Untitled
[2017.11.30-23.46.12:439][  0]LogInit: XAudio2 using 'Salida digital (USB PnP Sound Device)' : 2 channels at 48 kHz using 16 bits per sample (channel mask 0x3)
[2017.11.30-23.46.12:448][  0]LogInit: FAudioDevice initialized.
[2017.11.30-23.46.12:492][  0]LogDerivedDataCache: Saved boot cache 0.04s 90MB C:/Users/Raquel/AppData/Local/UnrealEngine/4.16/DerivedDataCache/Boot.ddc.
[2017.11.30-23.46.12:504][  0]LogInit: Texture streaming: Enabled
[2017.11.30-23.46.12:624][  0]LogEngineSessionManager: EngineSessionManager initialized
[2017.11.30-23.46.12:869][  0]LogInit: Transaction tracking system initialized
[2017.11.30-23.46.13:223][  0]BlueprintLog: New page: Editor Load
[2017.11.30-23.46.14:283][  0]LocalizationService: Info Localization service is disabled
[2017.11.30-23.46.15:064][  0]LogConsoleResponse:Display: 
[2017.11.30-23.46.15:226][  0]LogCook:Display: Max memory allowance for cook 16384mb min free memory 0mb
[2017.11.30-23.46.15:226][  0]LogCook:Display: Mobile HDR setting 1
[2017.11.30-23.46.16:291][  0]LogFileCache: Scanning file cache for directory 'D:/Documentos/___Universidad/3º/1er semestre/Ingeniería de Videojuegos/Prácticas/1. Parte 1/Project1/Content/' took 0.01s
[2017.11.30-23.46.16:339][  0]SourceControl: Info Source control is disabled
[2017.11.30-23.46.16:340][  0]LightingResults: New page: Lighting Build
[2017.11.30-23.46.16:382][  0]MapCheck: New page: Map Check
[2017.11.30-23.46.16:382][  0]LightingResults: New page: Lighting Build
[2017.11.30-23.46.16:955][  0]LogLinker:Warning: Can't find file '/Game/Máquina_BP'
[2017.11.30-23.46.16:955][  0]LogLinker:Warning: Can't find file for asset '/Game/Máquina_BP' while loading D:/Documentos/___Universidad/3º/1er semestre/Ingeniería de Videojuegos/Prácticas/1. Parte 1/Project1/Content/ThirdPersonBP/Maps/ThirdPersonExampleMap.umap.
[2017.11.30-23.46.16:955][  0]LoadErrors:Error: Error /Game/ThirdPersonBP/Maps/ThirdPersonExampleMap : Can't find file for asset. /Game/Máquina_BP
[2017.11.30-23.46.16:979][  0]LogLinker:Warning: Can't find file '/Game/Máquina_BP'
[2017.11.30-23.46.16:979][  0]LogLinker:Warning: Can't find file for asset '/Game/Máquina_BP' while loading D:/Documentos/___Universidad/3º/1er semestre/Ingeniería de Videojuegos/Prácticas/1. Parte 1/Project1/Content/ThirdPersonBP/Maps/ThirdPersonExampleMap.umap.
[2017.11.30-23.46.16:979][  0]LoadErrors:Error: Error /Game/ThirdPersonBP/Maps/ThirdPersonExampleMap : Can't find file for asset. /Game/Máquina_BP
[2017.11.30-23.46.17:007][  0]LogLinker:Warning: Can't find file '/Game/Máquina_BP'
[2017.11.30-23.46.17:007][  0]LogLinker:Warning: Can't find file for asset '/Game/Máquina_BP' while loading D:/Documentos/___Universidad/3º/1er semestre/Ingeniería de Videojuegos/Prácticas/1. Parte 1/Project1/Content/ThirdPersonBP/Maps/ThirdPersonExampleMap.umap.
[2017.11.30-23.46.17:007][  0]LoadErrors:Error: Error /Game/ThirdPersonBP/Maps/ThirdPersonExampleMap : Can't find file for asset. /Game/Máquina_BP
[2017.11.30-23.46.17:007][  0]LogLinker:Warning: Can't find file '/Game/Máquina_BP'
[2017.11.30-23.46.17:007][  0]LogLinker:Warning: Can't find file for asset '/Game/Máquina_BP' while loading D:/Documentos/___Universidad/3º/1er semestre/Ingeniería de Videojuegos/Prácticas/1. Parte 1/Project1/Content/ThirdPersonBP/Maps/ThirdPersonExampleMap.umap.
[2017.11.30-23.46.17:007][  0]LoadErrors:Error: Error /Game/ThirdPersonBP/Maps/ThirdPersonExampleMap : Can't find file for asset. /Game/Máquina_BP
[2017.11.30-23.46.17:023][  0]LogLinker:Warning: Can't find file '/Game/Máquina_BP'
[2017.11.30-23.46.17:023][  0]LogLinker:Warning: Can't find file for asset '/Game/Máquina_BP' while loading NULL.
[2017.11.30-23.46.17:023][  0]LogLinker:Warning: Can't find file '/Game/Máquina_BP'
[2017.11.30-23.46.17:023][  0]LogLinker:Warning: Can't find file for asset '/Game/Máquina_BP' while loading NULL.
[2017.11.30-23.46.17:023][  0]LogLinker:Warning: Can't find file '/Game/Máquina_BP'
[2017.11.30-23.46.17:024][  0]LogLinker:Warning: Can't find file for asset '/Game/Máquina_BP' while loading NULL.
[2017.11.30-23.46.17:024][  0]LogLinker:Warning: Can't find file '/Game/Máquina_BP'
[2017.11.30-23.46.17:024][  0]LogLinker:Warning: Can't find file for asset '/Game/Máquina_BP' while loading NULL.
[2017.11.30-23.46.17:076][  0]LogLinker:Warning: Can't find file '/Game/Máquina_BP'
[2017.11.30-23.46.17:076][  0]LogLinker:Warning: Can't find file for asset '/Game/Máquina_BP' while loading NULL.
[2017.11.30-23.46.17:076][  0]LogLinker:Warning: Can't find file '/Game/Máquina_BP'
[2017.11.30-23.46.17:076][  0]LogLinker:Warning: Can't find file for asset '/Game/Máquina_BP' while loading NULL.
[2017.11.30-23.46.17:081][  0]LogLinker:Warning: Can't find file '/Game/Máquina_BP'
[2017.11.30-23.46.17:081][  0]LogLinker:Warning: Can't find file for asset '/Game/Máquina_BP' while loading NULL.
[2017.11.30-23.46.17:081][  0]LogLinker:Warning: Can't find file '/Game/Máquina_BP'
[2017.11.30-23.46.17:081][  0]LogLinker:Warning: Can't find file for asset '/Game/Máquina_BP' while loading NULL.
[2017.11.30-23.46.17:081][  0]LogLinker:Warning: Can't find file '/Game/Máquina_BP'
[2017.11.30-23.46.17:081][  0]LogLinker:Warning: Can't find file for asset '/Game/Máquina_BP' while loading NULL.
[2017.11.30-23.46.17:081][  0]LogLinker:Warning: Can't find file '/Game/Máquina_BP'
[2017.11.30-23.46.17:081][  0]LogLinker:Warning: Can't find file for asset '/Game/Máquina_BP' while loading NULL.
[2017.11.30-23.46.17:139][  0]LogLinker:Warning: Can't find file '/Game/Máquina_BP'
[2017.11.30-23.46.17:139][  0]LogLinker:Warning: Can't find file for asset '/Game/Máquina_BP' while loading NULL.
[2017.11.30-23.46.17:139][  0]LogLinker:Warning: Can't find file '/Game/Máquina_BP'
[2017.11.30-23.46.17:140][  0]LoadErrors: Info Failed to load /Game/Máquina_BP.Máquina_BP_C Referenced by PersistentLevel
[2017.11.30-23.46.17:140][  0]LogLinker:Warning: Can't find file for asset '/Game/Máquina_BP' while loading NULL.
[2017.11.30-23.46.17:140][  0]LoadErrors: Info Failed to load /Game/Máquina_BP.Máquina_BP_C Referenced by PersistentLevel
[2017.11.30-23.46.17:645][  0]LogAIModule: Creating AISystem for world ThirdPersonExampleMap
[2017.11.30-23.46.17:781][  0]LogEditorServer: Finished looking for orphan Actors (0.000 secs)
[2017.11.30-23.46.17:804][  0]Cmd: MAP CHECKDEP NOCLEARLOG
[2017.11.30-23.46.17:859][  0]MapCheck: Info Map check complete: 0 Error(s), 0 Warning(s), took 54.277ms to complete.
[2017.11.30-23.46.17:859][  0]LogFileHelpers: Loading map 'ThirdPersonExampleMap' took 1.519
[2017.11.30-23.46.17:942][  0]LogWindowsTextInputMethodSystem:Display: IME system now deactivated.
[2017.11.30-23.46.17:942][  0]LogWindowsTextInputMethodSystem:Display: IME system now deactivated.
[2017.11.30-23.46.18:042][  0]LogCollectionManager: Loaded 0 collections in 0.002051 seconds
[2017.11.30-23.46.18:118][  0]LogFileCache: Scanning file cache for directory 'D:/Documentos/___Universidad/3º/1er semestre/Ingeniería de Videojuegos/Prácticas/1. Parte 1/Project1/Saved/Collections/' took 0.01s
[2017.11.30-23.46.18:118][  0]LogFileCache: Scanning file cache for directory 'D:/Documentos/___Universidad/3º/1er semestre/Ingeniería de Videojuegos/Prácticas/1. Parte 1/Project1/Content/Developers/Raquel/Collections/' took 0.01s
[2017.11.30-23.46.18:118][  0]LogFileCache: Scanning file cache for directory 'D:/Documentos/___Universidad/3º/1er semestre/Ingeniería de Videojuegos/Prácticas/1. Parte 1/Project1/Content/Collections/' took 0.01s
[2017.11.30-23.46.18:118][  0]LogCollectionManager: Rebuilt the GUID cache for 0 collections in 0.000002 seconds
[2017.11.30-23.46.18:128][  0]LogContentBrowser: Native class hierarchy populated in 0.0097 seconds. Added 2329 classes and 491 folders.
[2017.11.30-23.46.18:193][  0]LogContentBrowser: Native class hierarchy updated for 'WidgetCarousel' in 0.0007 seconds. Added 0 classes and 0 folders.
[2017.11.30-23.46.18:231][  0]LogContentBrowser: Native class hierarchy updated for 'AddContentDialog' in 0.0015 seconds. Added 0 classes and 0 folders.
[2017.11.30-23.46.18:286][  0]LogContentBrowser: Native class hierarchy updated for 'SceneOutliner' in 0.0009 seconds. Added 1 classes and 2 folders.
[2017.11.30-23.46.18:336][  0]LogCrashTracker: Crashtracker disabled due to settings.
[2017.11.30-23.46.18:343][  0]LogSlate: Took 0.000137 seconds to synchronously load lazily loaded font '../../../Engine/Content/Slate/Fonts/Roboto-Regular.ttf' (155K)
[2017.11.30-23.46.18:345][  0]LogSlate: Took 0.000236 seconds to synchronously load lazily loaded font '../../../Engine/Content/Slate/Fonts/Roboto-Bold.ttf' (160K)
[2017.11.30-23.46.18:351][  0]LogSlate: Took 0.000271 seconds to synchronously load lazily loaded font '../../../Engine/Content/Editor/Slate/Fonts/FontAwesome.ttf' (139K)
[2017.11.30-23.46.18:449][  0]LogRenderer: Reallocating scene render targets to support 964x460 NumSamples 1 (Frame:1).
[2017.11.30-23.46.18:569][  0]LogUObjectGlobals:Warning: Failed to find object 'Class None.'
[2017.11.30-23.46.18:639][  0]LogContentBrowser: Native class hierarchy updated for 'HierarchicalLODOutliner' in 0.0008 seconds. Added 1 classes and 2 folders.
[2017.11.30-23.46.18:639][  0]LogLoad: (Engine Initialization) Total time: 19.41 seconds
[2017.11.30-23.46.18:639][  0]LogLoad: (Engine Initialization) Total Blueprint compile time: 0.31 seconds
[2017.11.30-23.46.18:639][  0]LogExternalProfiler: Found external profiler: VSPerf
[2017.11.30-23.46.18:639][  0]LogExternalProfiler: Using external profiler: VSPerf
[2017.11.30-23.46.18:651][  0]LogOcInput: OculusInput pre-init called
[2017.11.30-23.46.18:651][  0]LogHMD: Starting GearVRController plugin
[2017.11.30-23.46.18:651][  0]LoadErrors:Warning: Warning CreateExport: Failed to load Outer for resource 'DefaultSceneRoot1': Máquina_BP_C /Game/ThirdPersonBP/Maps/ThirdPersonExampleMap.ThirdPersonExampleMap:PersistentLevel.Vehiculo_BP
[2017.11.30-23.46.18:651][  0]LoadErrors:Warning: Warning CreateExport: Failed to load Outer for resource 'Raymond_Forklift_Mast': Máquina_BP_C /Game/ThirdPersonBP/Maps/ThirdPersonExampleMap.ThirdPersonExampleMap:PersistentLevel.Vehiculo_BP
[2017.11.30-23.46.18:673][  0]LogContentStreaming: Texture pool size now 1000 MB
[2017.11.30-23.46.18:734][  0]LogSlate: Took 0.000187 seconds to synchronously load lazily loaded font '../../../Engine/Content/Slate/Fonts/Roboto-Light.ttf' (159K)
[2017.11.30-23.46.18:777][  1]LogAssetRegistry: Asset discovery search completed in 12.0582 seconds
[2017.11.30-23.46.18:780][  1]LogCollectionManager: Rebuilt the object cache for 0 collections in 0.000000 seconds (found 0 objects)
[2017.11.30-23.46.18:780][  1]LogCollectionManager: Fixed up redirectors for 0 collections in 0.000035 seconds (updated 0 objects)
[2017.11.30-23.46.33:063][777]LogSlate: Took 0.000163 seconds to synchronously load lazily loaded font '../../../Engine/Content/Slate/Fonts/Roboto-Light.ttf' (159K)
[2017.11.30-23.46.33:397][777]LogFactory: FactoryCreateFile: StaticMesh with FbxFactory (0 0 D:\Documentos\___Universidad\3º\1er semestre\Ingeniería de Videojuegos\Prácticas\hi_obj.obj)
[2017.11.30-23.46.33:825][777]LogFbx: Loading FBX Scene from D:\Documentos\___Universidad\3º\1er semestre\Ingeniería de Videojuegos\Prácticas\hi_obj.obj
[2017.11.30-23.46.47:635][777]LogFbx: FBX Scene Loaded Succesfully
[2017.11.30-23.46.47:650][777]LogSlate: Took 0.000141 seconds to synchronously load lazily loaded font '../../../Engine/Content/Slate/Fonts/Roboto-Regular.ttf' (155K)
[2017.11.30-23.46.50:902][777]LogFbx: Loading FBX Scene from D:\Documentos\___Universidad\3º\1er semestre\Ingeniería de Videojuegos\Prácticas\hi_obj.obj
[2017.11.30-23.47.05:390][777]LogFbx: FBX Scene Loaded Succesfully
[2017.11.30-23.47.05:473][777]LogLinker: Can't find file '/Game/MisBP/defaultMat'
[2017.11.30-23.47.05:473][777]LogLinker: Can't find file '/Game/MisBP/defaultMat'
[2017.11.30-23.47.05:484][777]LogMaterial: Missing cached shader map for material defaultMat, compiling. 
[2017.11.30-23.47.08:027][777]LogStaticMesh: Building static mesh hi_obj...
