Log file open, 11/27/17 13:53:03
LogInit:Display: Running engine for game: Project1
LogPlatformFile: Not using cached read wrapper
LogInit:Display: RandInit(839883581) SRandInit(839883581).
LogTaskGraph: Started task graph with 5 named threads and 8 total threads with 1 sets of task threads.
LogStats: Stats thread started at 0.094216
LogInit: Using libcurl 7.47.1
LogInit:  - built for x86_64-pc-win32
LogInit:  - supports SSL with OpenSSL/1.0.2g
LogInit:  - supports HTTP deflate (compression) using libz 1.2.8
LogInit:  - other features:
LogInit:      CURL_VERSION_SSL
LogInit:      CURL_VERSION_LIBZ
LogInit:      CURL_VERSION_IPV6
LogInit:      CURL_VERSION_ASYNCHDNS
LogInit:      CURL_VERSION_LARGEFILE
LogInit:      CURL_VERSION_IDN
LogInit:  CurlRequestOptions (configurable via config and command line):
LogInit:  - bVerifyPeer = false  - Libcurl will NOT verify peer certificate
LogInit:  - bUseHttpProxy = false  - Libcurl will NOT use HTTP proxy
LogInit:  - bDontReuseConnections = false  - Libcurl will reuse connections
LogInit:  - CertBundlePath = nullptr  - Libcurl will use whatever was configured at build time.
LogInit: Build: ++UE4+Release-4.16-CL-3561208
LogInit: Engine Version: 4.16.3-3561208+++UE4+Release-4.16
LogInit: Compatible Engine Version: 4.16.0-3452394+++UE4+Release-4.16
LogInit: Net CL: 3452394
LogDevObjectVersion: Number of dev versions registered: 16
LogDevObjectVersion:   Dev-Blueprints (B0D832E4-1F89-4F0D-ACCF-7EB736FD4AA2): 9
LogDevObjectVersion:   Dev-Build (E1C64328-A22C-4D53-A36C-8E866417BD8C): 0
LogDevObjectVersion:   Dev-Core (375EC13C-06E4-48FB-B500-84F0262A717E): 2
LogDevObjectVersion:   Dev-Editor (E4B068ED-F494-42E9-A231-DA0B2E46BB41): 17
LogDevObjectVersion:   Dev-Framework (CFFC743F-43B0-4480-9391-14DF171D2073): 23
LogDevObjectVersion:   Dev-Mobile (B02B49B5-BB20-44E9-A304-32B752E40360): 0
LogDevObjectVersion:   Dev-Networking (A4E4105C-59A1-49B5-A7C5-40C4547EDFEE): 0
LogDevObjectVersion:   Dev-Online (39C831C9-5AE6-47DC-9A44-9C173E1C8E7C): 0
LogDevObjectVersion:   Dev-Physics (78F01B33-EBEA-4F98-B9B4-84EACCB95AA2): 0
LogDevObjectVersion:   Dev-Platform (6631380F-2D4D-43E0-8009-CF276956A95A): 0
LogDevObjectVersion:   Dev-Rendering (12F88B9F-8875-4AFC-A67C-D90C383ABD29): 15
LogDevObjectVersion:   Dev-Sequencer (7B5AE74C-D270-4C10-A958-57980B212A5A): 4
LogDevObjectVersion:   Dev-VR (D7296918-1DD6-4BDD-9DE2-64A83CC13884): 0
LogDevObjectVersion:   Dev-LoadTimes (C2A15278-BFE7-4AFE-6C17-90FF531DF755): 1
LogDevObjectVersion:   Private-Geometry (6EACA3D4-40EC-4CC1-B786-8BED09428FC5): 1
LogDevObjectVersion:   Dev-AnimPhys (29E575DD-E0A3-4627-9D10-D276232CDCEA): 3
LogInit: Compiled (64-bit): Jul 28 2017 11:49:47
LogInit: Compiled with Visual C++: 19.00.24215.01
LogInit: Build Configuration: Development
LogInit: Branch Name: ++UE4+Release-4.16
LogInit: Command line: -EpicPortal 
LogInit: Base directory: C:/Program Files/Epic Games/UE_4.16/Engine/Binaries/Win64/
LogInit: Installed Engine Build: 1
LogInit: Presizing for max 8388607 objects, including 0 objects not considered by GC, pre-allocating 0 bytes for permanent pool.
LogInit: Object subsystem initialized
[2017.11.27-12.53.03:908][  0]LogInit: Selected Device Profile: [Windows]
[2017.11.27-12.53.03:908][  0]LogInit: Applying CVar settings loaded from the selected device profile: [Windows]
[2017.11.27-12.53.03:917][  0]LogInit: Computer: MSI-ANDRES
[2017.11.27-12.53.03:917][  0]LogInit: User: lukin
[2017.11.27-12.53.03:917][  0]LogInit: CPU Page size=4096, Cores=4
[2017.11.27-12.53.03:917][  0]LogInit: High frequency timer resolution =2.630631 MHz
[2017.11.27-12.53.03:917][  0]LogMemory: Memory total: Physical=15.9GB (16GB approx)
[2017.11.27-12.53.03:917][  0]LogMemory: Platform Memory Stats for Windows
[2017.11.27-12.53.03:917][  0]LogMemory: Process Physical Memory: 274.96 MB used, 274.96 MB peak
[2017.11.27-12.53.03:917][  0]LogMemory: Process Virtual Memory: 263.05 MB used, 263.05 MB peak
[2017.11.27-12.53.03:917][  0]LogMemory: Physical Memory: 4417.00 MB used,  11881.87 MB free, 16298.87 MB total
[2017.11.27-12.53.03:917][  0]LogMemory: Virtual Memory: 679.24 MB used,  11881.87 MB free, 134217728.00 MB total
[2017.11.27-12.53.03:987][  0]LogInit: Overriding language with editor language configuration option (en).
[2017.11.27-12.53.03:987][  0]LogInit: Overriding locale with editor locale configuration option (en).
[2017.11.27-12.53.04:875][  0]LogD3D11RHI: D3D11 adapters:
[2017.11.27-12.53.04:918][  0]LogD3D11RHI:    0. 'NVIDIA GeForce GTX 970M' (Feature Level 11_0)
[2017.11.27-12.53.04:918][  0]LogD3D11RHI:       3040/0/8149 MB DedicatedVideo/DedicatedSystem/SharedSystem, Outputs:1, VendorId:0x10de
[2017.11.27-12.53.04:923][  0]LogD3D11RHI:    1. 'Intel(R) HD Graphics 5600' (Feature Level 11_0)
[2017.11.27-12.53.04:923][  0]LogD3D11RHI:       128/0/8149 MB DedicatedVideo/DedicatedSystem/SharedSystem, Outputs:0, VendorId:0x8086
[2017.11.27-12.53.04:925][  0]LogD3D11RHI:    2. 'Microsoft Basic Render Driver' (Feature Level 11_0)
[2017.11.27-12.53.04:925][  0]LogD3D11RHI:       0/0/8149 MB DedicatedVideo/DedicatedSystem/SharedSystem, Outputs:0, VendorId:0x1414
[2017.11.27-12.53.04:925][  0]LogD3D11RHI: Chosen D3D11 Adapter: 0
[2017.11.27-12.53.04:931][  0]LogD3D11RHI: Creating new Direct3DDevice
[2017.11.27-12.53.04:931][  0]LogD3D11RHI:     GPU DeviceId: 0x13d8 (for the marketing name, search the web for "GPU Device Id")
[2017.11.27-12.53.04:932][  0]LogWindows: EnumDisplayDevices:
[2017.11.27-12.53.04:932][  0]LogWindows:    0. 'Intel(R) HD Graphics 5600' (P:1 D:1)
[2017.11.27-12.53.04:932][  0]LogWindows:    1. 'Intel(R) HD Graphics 5600' (P:0 D:0)
[2017.11.27-12.53.04:932][  0]LogWindows:    2. 'Intel(R) HD Graphics 5600' (P:0 D:0)
[2017.11.27-12.53.04:932][  0]LogWindows:    3. 'Intel(R) HD Graphics 5600' (P:0 D:0)
[2017.11.27-12.53.04:932][  0]LogWindows: DebugString: GetVideoDriverDetailsInvalid PrimaryIsNotTheChoosenAdapter GetVideoDriverDetailsInvalid PrimaryIsNotTheChoosenAdapter GetVideoDriverDetailsInvalid PrimaryIsNotTheChoosenAdapter GetVideoDriverDetailsInvalid PrimaryIsNotTheChoosenAdapter FoundDriverCount:0 
[2017.11.27-12.53.04:932][  0]LogD3D11RHI:     Adapter Name: NVIDIA GeForce GTX 970M
[2017.11.27-12.53.04:932][  0]LogD3D11RHI:   Driver Version: Unknown (internal:Unknown, unified:Unknown)
[2017.11.27-12.53.04:932][  0]LogD3D11RHI:      Driver Date: Unknown
[2017.11.27-12.53.04:932][  0]LogRHI: Texture pool is 1361 MB (70% of 1945 MB)
[2017.11.27-12.53.04:952][  0]LogD3D11RHI: Async texture creation enabled
[2017.11.27-12.53.04:965][  0]LogD3D11RHI: GPU Timing Frequency: 1000.000000 (Debug: 2 1)
[2017.11.27-12.53.04:966][  0]LogShaderCompilers: Guid format shader working directory is 7 characters bigger than the processId version (D:/Univerdad/3o/iv/PDFtutorial/Project1/Intermediate/Shaders/WorkingDirectory/5712/).
[2017.11.27-12.53.04:966][  0]LogShaderCompilers: Cleaned the shader compiler working directory 'C:/Users/lukin/AppData/Local/Temp/UnrealShaderWorkingDir/6B50A822442F13A7A1236DB82F0A064F/'.
[2017.11.27-12.53.04:966][  0]LogShaderCompilers:Display: Using Local Shader Compiler.
[2017.11.27-12.53.05:970][  0]LogTemp:Display: Loaded TP AllDesktopTargetPlatform
[2017.11.27-12.53.06:020][  0]LogTemp:Display: Loaded TP MacClientTargetPlatform
[2017.11.27-12.53.06:069][  0]LogTemp:Display: Loaded TP MacNoEditorTargetPlatform
[2017.11.27-12.53.06:121][  0]LogTemp:Display: Loaded TP MacServerTargetPlatform
[2017.11.27-12.53.06:172][  0]LogTemp:Display: Loaded TP MacTargetPlatform
[2017.11.27-12.53.06:222][  0]LogTemp:Display: Loaded TP WindowsClientTargetPlatform
[2017.11.27-12.53.06:272][  0]LogTemp:Display: Loaded TP WindowsNoEditorTargetPlatform
[2017.11.27-12.53.06:321][  0]LogTemp:Display: Loaded TP WindowsServerTargetPlatform
[2017.11.27-12.53.06:366][  0]LogTemp:Display: Loaded TP WindowsTargetPlatform
[2017.11.27-12.53.06:414][  0]LogTemp:Display: Loaded TP AndroidTargetPlatform
[2017.11.27-12.53.06:463][  0]LogTemp:Display: Loaded TP Android_ASTCTargetPlatform
[2017.11.27-12.53.06:513][  0]LogTemp:Display: Loaded TP Android_ATCTargetPlatform
[2017.11.27-12.53.06:579][  0]LogTemp:Display: Loaded TP Android_DXTTargetPlatform
[2017.11.27-12.53.06:629][  0]LogTemp:Display: Loaded TP Android_ETC1TargetPlatform
[2017.11.27-12.53.06:677][  0]LogTemp:Display: Loaded TP Android_ETC2TargetPlatform
[2017.11.27-12.53.06:796][  0]LogTemp:Display: Loaded TP Android_MultiTargetPlatform
[2017.11.27-12.53.06:796][  0]LogTemp:Display: Loaded TP Android_PVRTCTargetPlatform
[2017.11.27-12.53.06:839][  0]LogTemp:Display: Loaded TP HTML5TargetPlatform
[2017.11.27-12.53.06:931][  0]LogTemp:Display: Loaded TP IOSTargetPlatform
[2017.11.27-12.53.06:960][  0]LogTemp:Display: Loaded TP TVOSTargetPlatform
[2017.11.27-12.53.07:008][  0]LogTemp:Display: Loaded TP LinuxClientTargetPlatform
[2017.11.27-12.53.07:056][  0]LogTemp:Display: Loaded TP LinuxNoEditorTargetPlatform
[2017.11.27-12.53.07:104][  0]LogTemp:Display: Loaded TP LinuxServerTargetPlatform
[2017.11.27-12.53.07:153][  0]LogTemp:Display: Loaded TP LinuxTargetPlatform
[2017.11.27-12.53.07:153][  0]LogTargetPlatformManager:Display: Building Assets For Windows
[2017.11.27-12.53.07:651][  0]LogDerivedDataCache:Display: Max Cache Size: 512 MB
[2017.11.27-12.53.07:735][  0]LogDerivedDataCache: Loaded boot cache 0.08s 90MB C:/Users/lukin/AppData/Local/UnrealEngine/4.16/DerivedDataCache/Boot.ddc.
[2017.11.27-12.53.07:735][  0]LogDerivedDataCache:Display: Loaded Boot cache: C:/Users/lukin/AppData/Local/UnrealEngine/4.16/DerivedDataCache/Boot.ddc
[2017.11.27-12.53.07:735][  0]LogDerivedDataCache: FDerivedDataBackendGraph:  Pak pak cache file D:/Univerdad/3o/iv/PDFtutorial/Project1/DerivedDataCache/DDC.ddp not found, will not use a pak cache.
[2017.11.27-12.53.07:735][  0]LogDerivedDataCache: Unable to find inner node Pak for hierarchical cache Hierarchy.
[2017.11.27-12.53.07:735][  0]LogDerivedDataCache: FDerivedDataBackendGraph:  CompressedPak pak cache file D:/Univerdad/3o/iv/PDFtutorial/Project1/DerivedDataCache/Compressed.ddp not found, will not use a pak cache.
[2017.11.27-12.53.07:735][  0]LogDerivedDataCache: Unable to find inner node CompressedPak for hierarchical cache Hierarchy.
[2017.11.27-12.53.07:750][  0]LogDerivedDataCache:Display: Pak cache opened for reading ../../../Engine/DerivedDataCache/Compressed.ddp.
[2017.11.27-12.53.07:762][  0]LogDerivedDataCache: Using Local data cache path C:/Users/lukin/AppData/Local/UnrealEngine/Common/DerivedDataCache: Writable
[2017.11.27-12.53.07:772][  0]LogMaterial: Verifying Global Shaders for PCD3D_SM5
[2017.11.27-12.53.07:773][  0]LogSlate: Using Freetype 2.6.0
[2017.11.27-12.53.07:773][  0]LogSlate: SlateFontCache - WITH_FREETYPE: 1, WITH_HARFBUZZ: 1
[2017.11.27-12.53.07:773][  0]LogSlate: SlateFontCache - WITH_FREETYPE: 1, WITH_HARFBUZZ: 1
[2017.11.27-12.53.08:075][  0]LogInit: Selected Device Profile: [Windows]
[2017.11.27-12.53.08:141][  0]LogContentStreaming: Texture pool size is 0.00 MB
[2017.11.27-12.53.08:297][  0]LogMeshUtilities: Using QuadricMeshReduction for automatic static mesh reduction
[2017.11.27-12.53.08:342][  0]LogSimplygon: Simplygon DLL not present - disabling.
[2017.11.27-12.53.08:393][  0]LogMeshUtilities: Using SimplygonSwarm for distributed automatic mesh merging
[2017.11.27-12.53.08:393][  0]LogMeshUtilities: No automatic skeletal mesh reduction module available
[2017.11.27-12.53.08:393][  0]LogMeshUtilities: No automatic mesh merging module available
[2017.11.27-12.53.08:966][  0]LogNetVersion: Project1 , NetCL: 3452394, EngineNetVer: 2, GameNetVer: 0 (Checksum: 3220768879)
[2017.11.27-12.53.09:028][  0]LogAssetRegistry: FAssetRegistry took 0.0253 seconds to start up
[2017.11.27-12.53.09:071][  0]LogPackageLocalizationCache: Processed 4 localized package path(s) for 1 prioritized culture(s) in 0.016763 seconds
[2017.11.27-12.53.09:078][  0]LogUObjectArray: 34194 objects as part of root set at end of initial load.
[2017.11.27-12.53.09:078][  0]LogUObjectAllocator: 7260416 out of 0 bytes used by permanent object pool.
[2017.11.27-12.53.09:078][  0]LogUObjectArray: CloseDisregardForGC: 0/0 objects in disregard for GC pool
[2017.11.27-12.53.09:142][  0]LogInit: WinSock: version 1.1 (2.2), MaxSocks=32767, MaxUdp=65467
[2017.11.27-12.53.11:519][  0]LogTcpMessaging: Initializing TcpMessaging bridge
[2017.11.27-12.53.11:572][  0]LogUdpMessaging: Initializing bridge on interface 0.0.0.0:0 to multicast group 230.0.0.1:6666.
[2017.11.27-12.53.12:121][  0]LogMaterial: Uniform references updated for custom material expression Custom.
[2017.11.27-12.53.12:532][  0]SourceControl: Info Source control is disabled
[2017.11.27-12.53.12:574][  0]SourceControl: Info Source control is disabled
[2017.11.27-12.53.12:626][  0]SourceControl: Info Source control is disabled
[2017.11.27-12.53.12:677][  0]SourceControl: Info Source control is disabled
[2017.11.27-12.53.13:396][  0]LogAndroidPermission: UAndroidPermissionCallbackProxy::GetInstance
[2017.11.27-12.53.14:033][  0]LogEngine: Initializing Engine...
[2017.11.27-12.53.14:034][  0]LogHMD: Failed to initialize OpenVR with code 110
[2017.11.27-12.53.14:216][  0]LogStats: UGameplayTagsManager::ConstructGameplayTagTree: Construct from data asset -  0.000 s
[2017.11.27-12.53.14:216][  0]LogStats: UGameplayTagsManager::ConstructGameplayTagTree: GameplayTagTreeChangedEvent.Broadcast -  0.000 s
[2017.11.27-12.53.14:346][  0]LogAIModule: Creating AISystem for world Untitled
[2017.11.27-12.53.14:352][  0]LogInit: XAudio2 using 'Speakers (Realtek High Definition Audio)' : 2 channels at 48 kHz using 32 bits per sample (channel mask 0x3)
[2017.11.27-12.53.14:425][  0]LogInit: FAudioDevice initialized.
[2017.11.27-12.53.14:471][  0]LogDerivedDataCache: Saved boot cache 0.05s 90MB C:/Users/lukin/AppData/Local/UnrealEngine/4.16/DerivedDataCache/Boot.ddc.
[2017.11.27-12.53.14:487][  0]LogInit: Texture streaming: Enabled
[2017.11.27-12.53.14:587][  0]LogEngineSessionManager: EngineSessionManager initialized
[2017.11.27-12.53.14:810][  0]LogInit: Transaction tracking system initialized
[2017.11.27-12.53.15:128][  0]BlueprintLog: New page: Editor Load
[2017.11.27-12.53.16:119][  0]LocalizationService: Info Localization service is disabled
[2017.11.27-12.53.16:823][  0]LogConsoleResponse:Display: 
[2017.11.27-12.53.16:975][  0]LogCook:Display: Max memory allowance for cook 16384mb min free memory 0mb
[2017.11.27-12.53.16:975][  0]LogCook:Display: Mobile HDR setting 1
[2017.11.27-12.53.17:151][  0]LogFileCache: Scanning file cache for directory 'D:/Univerdad/3o/iv/PDFtutorial/Project1/Content/' took 0.01s
[2017.11.27-12.53.18:076][  0]SourceControl: Info Source control is disabled
[2017.11.27-12.53.18:179][  0]LogFactory: FactoryCreateFile: PackFactory with PackFactory (0 0 C:/Program Files/Epic Games/UE_4.16/FeaturePacks/StarterContent.upack)
[2017.11.27-12.53.18:247][  0]LogPackFactory: Finished extracting 8 files (including 0 errors).
[2017.11.27-12.53.18:276][  0]LogPackFactory: Copied "../../../Samples/StarterContent/Content/StarterContent/Architecture/Floor_400x400.uasset" to "D:/Univerdad/3o/iv/PDFtutorial/Project1/Content/StarterContent/Architecture/Floor_400x400.uasset"
[2017.11.27-12.53.18:328][  0]LogPackFactory: Copied "../../../Samples/StarterContent/Content/StarterContent/Architecture/Pillar_50x500.uasset" to "D:/Univerdad/3o/iv/PDFtutorial/Project1/Content/StarterContent/Architecture/Pillar_50x500.uasset"
[2017.11.27-12.53.18:380][  0]LogPackFactory: Copied "../../../Samples/StarterContent/Content/StarterContent/Architecture/SM_AssetPlatform.uasset" to "D:/Univerdad/3o/iv/PDFtutorial/Project1/Content/StarterContent/Architecture/SM_AssetPlatform.uasset"
[2017.11.27-12.53.18:401][  0]LogPackFactory: Copied "../../../Samples/StarterContent/Content/StarterContent/Architecture/Wall_400x200.uasset" to "D:/Univerdad/3o/iv/PDFtutorial/Project1/Content/StarterContent/Architecture/Wall_400x200.uasset"
[2017.11.27-12.53.18:418][  0]LogPackFactory: Copied "../../../Samples/StarterContent/Content/StarterContent/Architecture/Wall_400x300.uasset" to "D:/Univerdad/3o/iv/PDFtutorial/Project1/Content/StarterContent/Architecture/Wall_400x300.uasset"
[2017.11.27-12.53.18:441][  0]LogPackFactory: Copied "../../../Samples/StarterContent/Content/StarterContent/Architecture/Wall_400x400.uasset" to "D:/Univerdad/3o/iv/PDFtutorial/Project1/Content/StarterContent/Architecture/Wall_400x400.uasset"
[2017.11.27-12.53.18:466][  0]LogPackFactory: Copied "../../../Samples/StarterContent/Content/StarterContent/Architecture/Wall_500x500.uasset" to "D:/Univerdad/3o/iv/PDFtutorial/Project1/Content/StarterContent/Architecture/Wall_500x500.uasset"
[2017.11.27-12.53.18:482][  0]LogPackFactory: Copied "../../../Samples/StarterContent/Content/StarterContent/Architecture/Wall_Door_400x300.uasset" to "D:/Univerdad/3o/iv/PDFtutorial/Project1/Content/StarterContent/Architecture/Wall_Door_400x300.uasset"
[2017.11.27-12.53.18:508][  0]LogPackFactory: Copied "../../../Samples/StarterContent/Content/StarterContent/Architecture/Wall_Door_400x400.uasset" to "D:/Univerdad/3o/iv/PDFtutorial/Project1/Content/StarterContent/Architecture/Wall_Door_400x400.uasset"
[2017.11.27-12.53.18:529][  0]LogPackFactory: Copied "../../../Samples/StarterContent/Content/StarterContent/Architecture/Wall_Window_400x300.uasset" to "D:/Univerdad/3o/iv/PDFtutorial/Project1/Content/StarterContent/Architecture/Wall_Window_400x300.uasset"
[2017.11.27-12.53.18:554][  0]LogPackFactory: Copied "../../../Samples/StarterContent/Content/StarterContent/Architecture/Wall_Window_400x400.uasset" to "D:/Univerdad/3o/iv/PDFtutorial/Project1/Content/StarterContent/Architecture/Wall_Window_400x400.uasset"
[2017.11.27-12.53.18:583][  0]LogPackFactory: Copied "../../../Samples/StarterContent/Content/StarterContent/Audio/Collapse01.uasset" to "D:/Univerdad/3o/iv/PDFtutorial/Project1/Content/StarterContent/Audio/Collapse01.uasset"
[2017.11.27-12.53.18:606][  0]LogPackFactory: Copied "../../../Samples/StarterContent/Content/StarterContent/Audio/Collapse02.uasset" to "D:/Univerdad/3o/iv/PDFtutorial/Project1/Content/StarterContent/Audio/Collapse02.uasset"
[2017.11.27-12.53.18:622][  0]LogPackFactory: Copied "../../../Samples/StarterContent/Content/StarterContent/Audio/Collapse_Cue.uasset" to "D:/Univerdad/3o/iv/PDFtutorial/Project1/Content/StarterContent/Audio/Collapse_Cue.uasset"
[2017.11.27-12.53.18:654][  0]LogPackFactory: Copied "../../../Samples/StarterContent/Content/StarterContent/Audio/Explosion01.uasset" to "D:/Univerdad/3o/iv/PDFtutorial/Project1/Content/StarterContent/Audio/Explosion01.uasset"
[2017.11.27-12.53.18:680][  0]LogPackFactory: Copied "../../../Samples/StarterContent/Content/StarterContent/Audio/Explosion02.uasset" to "D:/Univerdad/3o/iv/PDFtutorial/Project1/Content/StarterContent/Audio/Explosion02.uasset"
[2017.11.27-12.53.18:697][  0]LogPackFactory: Copied "../../../Samples/StarterContent/Content/StarterContent/Audio/Explosion_Cue.uasset" to "D:/Univerdad/3o/iv/PDFtutorial/Project1/Content/StarterContent/Audio/Explosion_Cue.uasset"
[2017.11.27-12.53.18:725][  0]LogPackFactory: Copied "../../../Samples/StarterContent/Content/StarterContent/Audio/Fire01.uasset" to "D:/Univerdad/3o/iv/PDFtutorial/Project1/Content/StarterContent/Audio/Fire01.uasset"
[2017.11.27-12.53.18:744][  0]LogPackFactory: Copied "../../../Samples/StarterContent/Content/StarterContent/Audio/Fire01_Cue.uasset" to "D:/Univerdad/3o/iv/PDFtutorial/Project1/Content/StarterContent/Audio/Fire01_Cue.uasset"
[2017.11.27-12.53.18:802][  0]LogPackFactory: Copied "../../../Samples/StarterContent/Content/StarterContent/Audio/Fire_Sparks01.uasset" to "D:/Univerdad/3o/iv/PDFtutorial/Project1/Content/StarterContent/Audio/Fire_Sparks01.uasset"
[2017.11.27-12.53.18:819][  0]LogPackFactory: Copied "../../../Samples/StarterContent/Content/StarterContent/Audio/Fire_Sparks01_Cue.uasset" to "D:/Univerdad/3o/iv/PDFtutorial/Project1/Content/StarterContent/Audio/Fire_Sparks01_Cue.uasset"
[2017.11.27-12.53.18:841][  0]LogPackFactory: Copied "../../../Samples/StarterContent/Content/StarterContent/Audio/Light01.uasset" to "D:/Univerdad/3o/iv/PDFtutorial/Project1/Content/StarterContent/Audio/Light01.uasset"
[2017.11.27-12.53.18:856][  0]LogPackFactory: Copied "../../../Samples/StarterContent/Content/StarterContent/Audio/Light01_Cue.uasset" to "D:/Univerdad/3o/iv/PDFtutorial/Project1/Content/StarterContent/Audio/Light01_Cue.uasset"
[2017.11.27-12.53.18:955][  0]LogPackFactory: Copied "../../../Samples/StarterContent/Content/StarterContent/Audio/Light02.uasset" to "D:/Univerdad/3o/iv/PDFtutorial/Project1/Content/StarterContent/Audio/Light02.uasset"
[2017.11.27-12.53.18:981][  0]LogPackFactory: Copied "../../../Samples/StarterContent/Content/StarterContent/Audio/Light02_Cue.uasset" to "D:/Univerdad/3o/iv/PDFtutorial/Project1/Content/StarterContent/Audio/Light02_Cue.uasset"
[2017.11.27-12.53.19:021][  0]LogPackFactory: Copied "../../../Samples/StarterContent/Content/StarterContent/Audio/Smoke01.uasset" to "D:/Univerdad/3o/iv/PDFtutorial/Project1/Content/StarterContent/Audio/Smoke01.uasset"
[2017.11.27-12.53.19:037][  0]LogPackFactory: Copied "../../../Samples/StarterContent/Content/StarterContent/Audio/Smoke01_Cue.uasset" to "D:/Univerdad/3o/iv/PDFtutorial/Project1/Content/StarterContent/Audio/Smoke01_Cue.uasset"
[2017.11.27-12.53.19:067][  0]LogPackFactory: Copied "../../../Samples/StarterContent/Content/StarterContent/Audio/Starter_Background_Cue.uasset" to "D:/Univerdad/3o/iv/PDFtutorial/Project1/Content/StarterContent/Audio/Starter_Background_Cue.uasset"
[2017.11.27-12.53.19:114][  0]LogPackFactory: Copied "../../../Samples/StarterContent/Content/StarterContent/Audio/Starter_Birds01.uasset" to "D:/Univerdad/3o/iv/PDFtutorial/Project1/Content/StarterContent/Audio/Starter_Birds01.uasset"
[2017.11.27-12.53.19:223][  0]LogPackFactory: Copied "../../../Samples/StarterContent/Content/StarterContent/Audio/Starter_Music01.uasset" to "D:/Univerdad/3o/iv/PDFtutorial/Project1/Content/StarterContent/Audio/Starter_Music01.uasset"
[2017.11.27-12.53.19:376][  0]LogPackFactory: Copied "../../../Samples/StarterContent/Content/StarterContent/Audio/Starter_Music_Cue.uasset" to "D:/Univerdad/3o/iv/PDFtutorial/Project1/Content/StarterContent/Audio/Starter_Music_Cue.uasset"
[2017.11.27-12.53.19:424][  0]LogPackFactory: Copied "../../../Samples/StarterContent/Content/StarterContent/Audio/Starter_Wind05.uasset" to "D:/Univerdad/3o/iv/PDFtutorial/Project1/Content/StarterContent/Audio/Starter_Wind05.uasset"
[2017.11.27-12.53.19:474][  0]LogPackFactory: Copied "../../../Samples/StarterContent/Content/StarterContent/Audio/Starter_Wind06.uasset" to "D:/Univerdad/3o/iv/PDFtutorial/Project1/Content/StarterContent/Audio/Starter_Wind06.uasset"
[2017.11.27-12.53.19:530][  0]LogPackFactory: Copied "../../../Samples/StarterContent/Content/StarterContent/Audio/Steam01.uasset" to "D:/Univerdad/3o/iv/PDFtutorial/Project1/Content/StarterContent/Audio/Steam01.uasset"
[2017.11.27-12.53.19:547][  0]LogPackFactory: Copied "../../../Samples/StarterContent/Content/StarterContent/Audio/Steam01_Cue.uasset" to "D:/Univerdad/3o/iv/PDFtutorial/Project1/Content/StarterContent/Audio/Steam01_Cue.uasset"
[2017.11.27-12.53.19:572][  0]LogPackFactory: Copied "../../../Samples/StarterContent/Content/StarterContent/Blueprints/Blueprint_CeilingLight.uasset" to "D:/Univerdad/3o/iv/PDFtutorial/Project1/Content/StarterContent/Blueprints/Blueprint_CeilingLight.uasset"
[2017.11.27-12.53.19:594][  0]LogPackFactory: Copied "../../../Samples/StarterContent/Content/StarterContent/Blueprints/Blueprint_Effect_Explosion.uasset" to "D:/Univerdad/3o/iv/PDFtutorial/Project1/Content/StarterContent/Blueprints/Blueprint_Effect_Explosion.uasset"
[2017.11.27-12.53.19:613][  0]LogPackFactory: Copied "../../../Samples/StarterContent/Content/StarterContent/Blueprints/Blueprint_Effect_Fire.uasset" to "D:/Univerdad/3o/iv/PDFtutorial/Project1/Content/StarterContent/Blueprints/Blueprint_Effect_Fire.uasset"
[2017.11.27-12.53.19:639][  0]LogPackFactory: Copied "../../../Samples/StarterContent/Content/StarterContent/Blueprints/Blueprint_Effect_Smoke.uasset" to "D:/Univerdad/3o/iv/PDFtutorial/Project1/Content/StarterContent/Blueprints/Blueprint_Effect_Smoke.uasset"
[2017.11.27-12.53.19:664][  0]LogPackFactory: Copied "../../../Samples/StarterContent/Content/StarterContent/Blueprints/Blueprint_Effect_Sparks.uasset" to "D:/Univerdad/3o/iv/PDFtutorial/Project1/Content/StarterContent/Blueprints/Blueprint_Effect_Sparks.uasset"
[2017.11.27-12.53.19:692][  0]LogPackFactory: Copied "../../../Samples/StarterContent/Content/StarterContent/Blueprints/Blueprint_Effect_Steam.uasset" to "D:/Univerdad/3o/iv/PDFtutorial/Project1/Content/StarterContent/Blueprints/Blueprint_Effect_Steam.uasset"
[2017.11.27-12.53.19:718][  0]LogPackFactory: Copied "../../../Samples/StarterContent/Content/StarterContent/Blueprints/Blueprint_WallSconce.uasset" to "D:/Univerdad/3o/iv/PDFtutorial/Project1/Content/StarterContent/Blueprints/Blueprint_WallSconce.uasset"
[2017.11.27-12.53.19:745][  0]LogPackFactory: Copied "../../../Samples/StarterContent/Content/StarterContent/Blueprints/BP_LightStudio.uasset" to "D:/Univerdad/3o/iv/PDFtutorial/Project1/Content/StarterContent/Blueprints/BP_LightStudio.uasset"
[2017.11.27-12.53.19:764][  0]LogPackFactory: Copied "../../../Samples/StarterContent/Content/StarterContent/Blueprints/Assets/FogBrightnessLUT.uasset" to "D:/Univerdad/3o/iv/PDFtutorial/Project1/Content/StarterContent/Blueprints/Assets/FogBrightnessLUT.uasset"
[2017.11.27-12.53.19:792][  0]LogPackFactory: Copied "../../../Samples/StarterContent/Content/StarterContent/Blueprints/Assets/M_LightStage_Arrows.uasset" to "D:/Univerdad/3o/iv/PDFtutorial/Project1/Content/StarterContent/Blueprints/Assets/M_LightStage_Arrows.uasset"
[2017.11.27-12.53.19:849][  0]LogPackFactory: Copied "../../../Samples/StarterContent/Content/StarterContent/Blueprints/Assets/M_LightStage_Skybox_Black.uasset" to "D:/Univerdad/3o/iv/PDFtutorial/Project1/Content/StarterContent/Blueprints/Assets/M_LightStage_Skybox_Black.uasset"
[2017.11.27-12.53.19:900][  0]LogPackFactory: Copied "../../../Samples/StarterContent/Content/StarterContent/Blueprints/Assets/M_LightStage_Skybox_HDRI.uasset" to "D:/Univerdad/3o/iv/PDFtutorial/Project1/Content/StarterContent/Blueprints/Assets/M_LightStage_Skybox_HDRI.uasset"
[2017.11.27-12.53.19:931][  0]LogPackFactory: Copied "../../../Samples/StarterContent/Content/StarterContent/Blueprints/Assets/M_LightStage_Skybox_Master.uasset" to "D:/Univerdad/3o/iv/PDFtutorial/Project1/Content/StarterContent/Blueprints/Assets/M_LightStage_Skybox_Master.uasset"
[2017.11.27-12.53.19:974][  0]LogPackFactory: Copied "../../../Samples/StarterContent/Content/StarterContent/Blueprints/Assets/Skybox.uasset" to "D:/Univerdad/3o/iv/PDFtutorial/Project1/Content/StarterContent/Blueprints/Assets/Skybox.uasset"
[2017.11.27-12.53.20:040][  0]LogPackFactory: Copied "../../../Samples/StarterContent/Content/StarterContent/Blueprints/Assets/SM_Arrows.uasset" to "D:/Univerdad/3o/iv/PDFtutorial/Project1/Content/StarterContent/Blueprints/Assets/SM_Arrows.uasset"
[2017.11.27-12.53.20:062][  0]LogPackFactory: Copied "../../../Samples/StarterContent/Content/StarterContent/Blueprints/Assets/SunlightColorLUT.uasset" to "D:/Univerdad/3o/iv/PDFtutorial/Project1/Content/StarterContent/Blueprints/Assets/SunlightColorLUT.uasset"
[2017.11.27-12.53.22:139][  0]LogPackFactory: Copied "../../../Samples/StarterContent/Content/StarterContent/HDRI/HDRI_Epic_Courtyard_Daylight.uasset" to "D:/Univerdad/3o/iv/PDFtutorial/Project1/Content/StarterContent/HDRI/HDRI_Epic_Courtyard_Daylight.uasset"
[2017.11.27-12.53.22:260][  0]LogPackFactory: Copied "../../../Samples/StarterContent/Content/StarterContent/Maps/Advanced_Lighting.umap" to "D:/Univerdad/3o/iv/PDFtutorial/Project1/Content/StarterContent/Maps/Advanced_Lighting.umap"
[2017.11.27-12.53.22:361][  0]LogPackFactory: Copied "../../../Samples/StarterContent/Content/StarterContent/Maps/Advanced_Lighting_BuiltData.uasset" to "D:/Univerdad/3o/iv/PDFtutorial/Project1/Content/StarterContent/Maps/Advanced_Lighting_BuiltData.uasset"
[2017.11.27-12.53.22:501][  0]LogPackFactory: Copied "../../../Samples/StarterContent/Content/StarterContent/Maps/Minimal_Default.umap" to "D:/Univerdad/3o/iv/PDFtutorial/Project1/Content/StarterContent/Maps/Minimal_Default.umap"
[2017.11.27-12.53.22:543][  0]LogPackFactory: Copied "../../../Samples/StarterContent/Content/StarterContent/Maps/Minimal_Default_BuiltData.uasset" to "D:/Univerdad/3o/iv/PDFtutorial/Project1/Content/StarterContent/Maps/Minimal_Default_BuiltData.uasset"
[2017.11.27-12.53.22:622][  0]LogPackFactory: Copied "../../../Samples/StarterContent/Content/StarterContent/Maps/StarterMap.umap" to "D:/Univerdad/3o/iv/PDFtutorial/Project1/Content/StarterContent/Maps/StarterMap.umap"
[2017.11.27-12.53.22:787][  0]LogPackFactory: Copied "../../../Samples/StarterContent/Content/StarterContent/Maps/StarterMap_BuiltData.uasset" to "D:/Univerdad/3o/iv/PDFtutorial/Project1/Content/StarterContent/Maps/StarterMap_BuiltData.uasset"
[2017.11.27-12.53.22:843][  0]LogPackFactory: Copied "../../../Samples/StarterContent/Content/StarterContent/Materials/M_AssetPlatform.uasset" to "D:/Univerdad/3o/iv/PDFtutorial/Project1/Content/StarterContent/Materials/M_AssetPlatform.uasset"
[2017.11.27-12.53.22:866][  0]LogPackFactory: Copied "../../../Samples/StarterContent/Content/StarterContent/Materials/M_Basic_Floor.uasset" to "D:/Univerdad/3o/iv/PDFtutorial/Project1/Content/StarterContent/Materials/M_Basic_Floor.uasset"
[2017.11.27-12.53.22:895][  0]LogPackFactory: Copied "../../../Samples/StarterContent/Content/StarterContent/Materials/M_Basic_Wall.uasset" to "D:/Univerdad/3o/iv/PDFtutorial/Project1/Content/StarterContent/Materials/M_Basic_Wall.uasset"
[2017.11.27-12.53.22:928][  0]LogPackFactory: Copied "../../../Samples/StarterContent/Content/StarterContent/Materials/M_Brick_Clay_Beveled.uasset" to "D:/Univerdad/3o/iv/PDFtutorial/Project1/Content/StarterContent/Materials/M_Brick_Clay_Beveled.uasset"
[2017.11.27-12.53.22:974][  0]LogPackFactory: Copied "../../../Samples/StarterContent/Content/StarterContent/Materials/M_Brick_Clay_New.uasset" to "D:/Univerdad/3o/iv/PDFtutorial/Project1/Content/StarterContent/Materials/M_Brick_Clay_New.uasset"
[2017.11.27-12.53.22:998][  0]LogPackFactory: Copied "../../../Samples/StarterContent/Content/StarterContent/Materials/M_Brick_Clay_Old.uasset" to "D:/Univerdad/3o/iv/PDFtutorial/Project1/Content/StarterContent/Materials/M_Brick_Clay_Old.uasset"
[2017.11.27-12.53.23:022][  0]LogPackFactory: Copied "../../../Samples/StarterContent/Content/StarterContent/Materials/M_Brick_Cut_Stone.uasset" to "D:/Univerdad/3o/iv/PDFtutorial/Project1/Content/StarterContent/Materials/M_Brick_Cut_Stone.uasset"
[2017.11.27-12.53.23:046][  0]LogPackFactory: Copied "../../../Samples/StarterContent/Content/StarterContent/Materials/M_Brick_Hewn_Stone.uasset" to "D:/Univerdad/3o/iv/PDFtutorial/Project1/Content/StarterContent/Materials/M_Brick_Hewn_Stone.uasset"
[2017.11.27-12.53.23:068][  0]LogPackFactory: Copied "../../../Samples/StarterContent/Content/StarterContent/Materials/M_Ceramic_Tile_Checker.uasset" to "D:/Univerdad/3o/iv/PDFtutorial/Project1/Content/StarterContent/Materials/M_Ceramic_Tile_Checker.uasset"
[2017.11.27-12.53.23:099][  0]LogPackFactory: Copied "../../../Samples/StarterContent/Content/StarterContent/Materials/M_CobbleStone_Pebble.uasset" to "D:/Univerdad/3o/iv/PDFtutorial/Project1/Content/StarterContent/Materials/M_CobbleStone_Pebble.uasset"
[2017.11.27-12.53.23:135][  0]LogPackFactory: Copied "../../../Samples/StarterContent/Content/StarterContent/Materials/M_CobbleStone_Rough.uasset" to "D:/Univerdad/3o/iv/PDFtutorial/Project1/Content/StarterContent/Materials/M_CobbleStone_Rough.uasset"
[2017.11.27-12.53.23:165][  0]LogPackFactory: Copied "../../../Samples/StarterContent/Content/StarterContent/Materials/M_CobbleStone_Smooth.uasset" to "D:/Univerdad/3o/iv/PDFtutorial/Project1/Content/StarterContent/Materials/M_CobbleStone_Smooth.uasset"
[2017.11.27-12.53.23:188][  0]LogPackFactory: Copied "../../../Samples/StarterContent/Content/StarterContent/Materials/M_ColorGrid_LowSpec.uasset" to "D:/Univerdad/3o/iv/PDFtutorial/Project1/Content/StarterContent/Materials/M_ColorGrid_LowSpec.uasset"
[2017.11.27-12.53.23:278][  0]LogPackFactory: Copied "../../../Samples/StarterContent/Content/StarterContent/Materials/M_Concrete_Grime.uasset" to "D:/Univerdad/3o/iv/PDFtutorial/Project1/Content/StarterContent/Materials/M_Concrete_Grime.uasset"
[2017.11.27-12.53.23:454][  0]LogPackFactory: Copied "../../../Samples/StarterContent/Content/StarterContent/Materials/M_Concrete_Panels.uasset" to "D:/Univerdad/3o/iv/PDFtutorial/Project1/Content/StarterContent/Materials/M_Concrete_Panels.uasset"
[2017.11.27-12.53.23:491][  0]LogPackFactory: Copied "../../../Samples/StarterContent/Content/StarterContent/Materials/M_Concrete_Poured.uasset" to "D:/Univerdad/3o/iv/PDFtutorial/Project1/Content/StarterContent/Materials/M_Concrete_Poured.uasset"
[2017.11.27-12.53.23:589][  0]LogPackFactory: Copied "../../../Samples/StarterContent/Content/StarterContent/Materials/M_Concrete_Tiles.uasset" to "D:/Univerdad/3o/iv/PDFtutorial/Project1/Content/StarterContent/Materials/M_Concrete_Tiles.uasset"
[2017.11.27-12.53.23:632][  0]LogPackFactory: Copied "../../../Samples/StarterContent/Content/StarterContent/Materials/M_Glass.uasset" to "D:/Univerdad/3o/iv/PDFtutorial/Project1/Content/StarterContent/Materials/M_Glass.uasset"
[2017.11.27-12.53.23:695][  0]LogPackFactory: Copied "../../../Samples/StarterContent/Content/StarterContent/Materials/M_Ground_Grass.uasset" to "D:/Univerdad/3o/iv/PDFtutorial/Project1/Content/StarterContent/Materials/M_Ground_Grass.uasset"
[2017.11.27-12.53.23:721][  0]LogPackFactory: Copied "../../../Samples/StarterContent/Content/StarterContent/Materials/M_Ground_Gravel.uasset" to "D:/Univerdad/3o/iv/PDFtutorial/Project1/Content/StarterContent/Materials/M_Ground_Gravel.uasset"
[2017.11.27-12.53.23:742][  0]LogPackFactory: Copied "../../../Samples/StarterContent/Content/StarterContent/Materials/M_Ground_Moss.uasset" to "D:/Univerdad/3o/iv/PDFtutorial/Project1/Content/StarterContent/Materials/M_Ground_Moss.uasset"
[2017.11.27-12.53.23:764][  0]LogPackFactory: Copied "../../../Samples/StarterContent/Content/StarterContent/Materials/M_Metal_Brushed_Nickel.uasset" to "D:/Univerdad/3o/iv/PDFtutorial/Project1/Content/StarterContent/Materials/M_Metal_Brushed_Nickel.uasset"
[2017.11.27-12.53.23:790][  0]LogPackFactory: Copied "../../../Samples/StarterContent/Content/StarterContent/Materials/M_Metal_Burnished_Steel.uasset" to "D:/Univerdad/3o/iv/PDFtutorial/Project1/Content/StarterContent/Materials/M_Metal_Burnished_Steel.uasset"
[2017.11.27-12.53.23:823][  0]LogPackFactory: Copied "../../../Samples/StarterContent/Content/StarterContent/Materials/M_Metal_Chrome.uasset" to "D:/Univerdad/3o/iv/PDFtutorial/Project1/Content/StarterContent/Materials/M_Metal_Chrome.uasset"
[2017.11.27-12.53.23:845][  0]LogPackFactory: Copied "../../../Samples/StarterContent/Content/StarterContent/Materials/M_Metal_Copper.uasset" to "D:/Univerdad/3o/iv/PDFtutorial/Project1/Content/StarterContent/Materials/M_Metal_Copper.uasset"
[2017.11.27-12.53.23:887][  0]LogPackFactory: Copied "../../../Samples/StarterContent/Content/StarterContent/Materials/M_Metal_Gold.uasset" to "D:/Univerdad/3o/iv/PDFtutorial/Project1/Content/StarterContent/Materials/M_Metal_Gold.uasset"
[2017.11.27-12.53.23:940][  0]LogPackFactory: Copied "../../../Samples/StarterContent/Content/StarterContent/Materials/M_Metal_Rust.uasset" to "D:/Univerdad/3o/iv/PDFtutorial/Project1/Content/StarterContent/Materials/M_Metal_Rust.uasset"
[2017.11.27-12.53.23:981][  0]LogPackFactory: Copied "../../../Samples/StarterContent/Content/StarterContent/Materials/M_Metal_Steel.uasset" to "D:/Univerdad/3o/iv/PDFtutorial/Project1/Content/StarterContent/Materials/M_Metal_Steel.uasset"
[2017.11.27-12.53.24:003][  0]LogPackFactory: Copied "../../../Samples/StarterContent/Content/StarterContent/Materials/M_Rock_Basalt.uasset" to "D:/Univerdad/3o/iv/PDFtutorial/Project1/Content/StarterContent/Materials/M_Rock_Basalt.uasset"
[2017.11.27-12.53.24:025][  0]LogPackFactory: Copied "../../../Samples/StarterContent/Content/StarterContent/Materials/M_Rock_Marble_Polished.uasset" to "D:/Univerdad/3o/iv/PDFtutorial/Project1/Content/StarterContent/Materials/M_Rock_Marble_Polished.uasset"
[2017.11.27-12.53.24:052][  0]LogPackFactory: Copied "../../../Samples/StarterContent/Content/StarterContent/Materials/M_Rock_Sandstone.uasset" to "D:/Univerdad/3o/iv/PDFtutorial/Project1/Content/StarterContent/Materials/M_Rock_Sandstone.uasset"
[2017.11.27-12.53.24:075][  0]LogPackFactory: Copied "../../../Samples/StarterContent/Content/StarterContent/Materials/M_Rock_Slate.uasset" to "D:/Univerdad/3o/iv/PDFtutorial/Project1/Content/StarterContent/Materials/M_Rock_Slate.uasset"
[2017.11.27-12.53.24:098][  0]LogPackFactory: Copied "../../../Samples/StarterContent/Content/StarterContent/Materials/M_Tech_Checker_Dot.uasset" to "D:/Univerdad/3o/iv/PDFtutorial/Project1/Content/StarterContent/Materials/M_Tech_Checker_Dot.uasset"
[2017.11.27-12.53.24:123][  0]LogPackFactory: Copied "../../../Samples/StarterContent/Content/StarterContent/Materials/M_Tech_Hex_Tile.uasset" to "D:/Univerdad/3o/iv/PDFtutorial/Project1/Content/StarterContent/Materials/M_Tech_Hex_Tile.uasset"
[2017.11.27-12.53.24:148][  0]LogPackFactory: Copied "../../../Samples/StarterContent/Content/StarterContent/Materials/M_Tech_Hex_Tile_Pulse.uasset" to "D:/Univerdad/3o/iv/PDFtutorial/Project1/Content/StarterContent/Materials/M_Tech_Hex_Tile_Pulse.uasset"
[2017.11.27-12.53.24:177][  0]LogPackFactory: Copied "../../../Samples/StarterContent/Content/StarterContent/Materials/M_Tech_Panel.uasset" to "D:/Univerdad/3o/iv/PDFtutorial/Project1/Content/StarterContent/Materials/M_Tech_Panel.uasset"
[2017.11.27-12.53.24:204][  0]LogPackFactory: Copied "../../../Samples/StarterContent/Content/StarterContent/Materials/M_Water_Lake.uasset" to "D:/Univerdad/3o/iv/PDFtutorial/Project1/Content/StarterContent/Materials/M_Water_Lake.uasset"
[2017.11.27-12.53.24:226][  0]LogPackFactory: Copied "../../../Samples/StarterContent/Content/StarterContent/Materials/M_Water_Ocean.uasset" to "D:/Univerdad/3o/iv/PDFtutorial/Project1/Content/StarterContent/Materials/M_Water_Ocean.uasset"
[2017.11.27-12.53.24:260][  0]LogPackFactory: Copied "../../../Samples/StarterContent/Content/StarterContent/Materials/M_Wood_Floor_Walnut_Polished.uasset" to "D:/Univerdad/3o/iv/PDFtutorial/Project1/Content/StarterContent/Materials/M_Wood_Floor_Walnut_Polished.uasset"
[2017.11.27-12.53.24:303][  0]LogPackFactory: Copied "../../../Samples/StarterContent/Content/StarterContent/Materials/M_Wood_Floor_Walnut_Worn.uasset" to "D:/Univerdad/3o/iv/PDFtutorial/Project1/Content/StarterContent/Materials/M_Wood_Floor_Walnut_Worn.uasset"
[2017.11.27-12.53.24:335][  0]LogPackFactory: Copied "../../../Samples/StarterContent/Content/StarterContent/Materials/M_Wood_Oak.uasset" to "D:/Univerdad/3o/iv/PDFtutorial/Project1/Content/StarterContent/Materials/M_Wood_Oak.uasset"
[2017.11.27-12.53.24:374][  0]LogPackFactory: Copied "../../../Samples/StarterContent/Content/StarterContent/Materials/M_Wood_Pine.uasset" to "D:/Univerdad/3o/iv/PDFtutorial/Project1/Content/StarterContent/Materials/M_Wood_Pine.uasset"
[2017.11.27-12.53.24:424][  0]LogPackFactory: Copied "../../../Samples/StarterContent/Content/StarterContent/Materials/M_Wood_Walnut.uasset" to "D:/Univerdad/3o/iv/PDFtutorial/Project1/Content/StarterContent/Materials/M_Wood_Walnut.uasset"
[2017.11.27-12.53.24:444][  0]LogPackFactory: Copied "../../../Samples/StarterContent/Content/StarterContent/Particles/P_Ambient_Dust.uasset" to "D:/Univerdad/3o/iv/PDFtutorial/Project1/Content/StarterContent/Particles/P_Ambient_Dust.uasset"
[2017.11.27-12.53.24:468][  0]LogPackFactory: Copied "../../../Samples/StarterContent/Content/StarterContent/Particles/P_Explosion.uasset" to "D:/Univerdad/3o/iv/PDFtutorial/Project1/Content/StarterContent/Particles/P_Explosion.uasset"
[2017.11.27-12.53.24:495][  0]LogPackFactory: Copied "../../../Samples/StarterContent/Content/StarterContent/Particles/P_Fire.uasset" to "D:/Univerdad/3o/iv/PDFtutorial/Project1/Content/StarterContent/Particles/P_Fire.uasset"
[2017.11.27-12.53.24:520][  0]LogPackFactory: Copied "../../../Samples/StarterContent/Content/StarterContent/Particles/P_Smoke.uasset" to "D:/Univerdad/3o/iv/PDFtutorial/Project1/Content/StarterContent/Particles/P_Smoke.uasset"
[2017.11.27-12.53.24:543][  0]LogPackFactory: Copied "../../../Samples/StarterContent/Content/StarterContent/Particles/P_Sparks.uasset" to "D:/Univerdad/3o/iv/PDFtutorial/Project1/Content/StarterContent/Particles/P_Sparks.uasset"
[2017.11.27-12.53.24:765][  0]LogPackFactory: Copied "../../../Samples/StarterContent/Content/StarterContent/Particles/P_Steam_Lit.uasset" to "D:/Univerdad/3o/iv/PDFtutorial/Project1/Content/StarterContent/Particles/P_Steam_Lit.uasset"
[2017.11.27-12.53.24:963][  0]LogPackFactory: Copied "../../../Samples/StarterContent/Content/StarterContent/Particles/Materials/M_Burst.uasset" to "D:/Univerdad/3o/iv/PDFtutorial/Project1/Content/StarterContent/Particles/Materials/M_Burst.uasset"
[2017.11.27-12.53.25:000][  0]LogPackFactory: Copied "../../../Samples/StarterContent/Content/StarterContent/Particles/Materials/M_Dust_Particle.uasset" to "D:/Univerdad/3o/iv/PDFtutorial/Project1/Content/StarterContent/Particles/Materials/M_Dust_Particle.uasset"
[2017.11.27-12.53.25:177][  0]LogPackFactory: Copied "../../../Samples/StarterContent/Content/StarterContent/Particles/Materials/M_explosion_subUV.uasset" to "D:/Univerdad/3o/iv/PDFtutorial/Project1/Content/StarterContent/Particles/Materials/M_explosion_subUV.uasset"
[2017.11.27-12.53.25:321][  0]LogPackFactory: Copied "../../../Samples/StarterContent/Content/StarterContent/Particles/Materials/M_Fire_SubUV.uasset" to "D:/Univerdad/3o/iv/PDFtutorial/Project1/Content/StarterContent/Particles/Materials/M_Fire_SubUV.uasset"
[2017.11.27-12.53.25:445][  0]LogPackFactory: Copied "../../../Samples/StarterContent/Content/StarterContent/Particles/Materials/m_flare_01.uasset" to "D:/Univerdad/3o/iv/PDFtutorial/Project1/Content/StarterContent/Particles/Materials/m_flare_01.uasset"
[2017.11.27-12.53.25:482][  0]LogPackFactory: Copied "../../../Samples/StarterContent/Content/StarterContent/Particles/Materials/M_Heat_Distortion.uasset" to "D:/Univerdad/3o/iv/PDFtutorial/Project1/Content/StarterContent/Particles/Materials/M_Heat_Distortion.uasset"
[2017.11.27-12.53.25:577][  0]LogPackFactory: Copied "../../../Samples/StarterContent/Content/StarterContent/Particles/Materials/M_Radial_Gradient.uasset" to "D:/Univerdad/3o/iv/PDFtutorial/Project1/Content/StarterContent/Particles/Materials/M_Radial_Gradient.uasset"
[2017.11.27-12.53.25:619][  0]LogPackFactory: Copied "../../../Samples/StarterContent/Content/StarterContent/Particles/Materials/M_radial_ramp.uasset" to "D:/Univerdad/3o/iv/PDFtutorial/Project1/Content/StarterContent/Particles/Materials/M_radial_ramp.uasset"
[2017.11.27-12.53.25:668][  0]LogPackFactory: Copied "../../../Samples/StarterContent/Content/StarterContent/Particles/Materials/M_smoke_subUV.uasset" to "D:/Univerdad/3o/iv/PDFtutorial/Project1/Content/StarterContent/Particles/Materials/M_smoke_subUV.uasset"
[2017.11.27-12.53.25:701][  0]LogPackFactory: Copied "../../../Samples/StarterContent/Content/StarterContent/Particles/Materials/M_Spark.uasset" to "D:/Univerdad/3o/iv/PDFtutorial/Project1/Content/StarterContent/Particles/Materials/M_Spark.uasset"
[2017.11.27-12.53.25:762][  0]LogPackFactory: Copied "../../../Samples/StarterContent/Content/StarterContent/Props/MaterialSphere.uasset" to "D:/Univerdad/3o/iv/PDFtutorial/Project1/Content/StarterContent/Props/MaterialSphere.uasset"
[2017.11.27-12.53.25:825][  0]LogPackFactory: Copied "../../../Samples/StarterContent/Content/StarterContent/Props/SM_Bush.uasset" to "D:/Univerdad/3o/iv/PDFtutorial/Project1/Content/StarterContent/Props/SM_Bush.uasset"
[2017.11.27-12.53.25:850][  0]LogPackFactory: Copied "../../../Samples/StarterContent/Content/StarterContent/Props/SM_Chair.uasset" to "D:/Univerdad/3o/iv/PDFtutorial/Project1/Content/StarterContent/Props/SM_Chair.uasset"
[2017.11.27-12.53.25:873][  0]LogPackFactory: Copied "../../../Samples/StarterContent/Content/StarterContent/Props/SM_CornerFrame.uasset" to "D:/Univerdad/3o/iv/PDFtutorial/Project1/Content/StarterContent/Props/SM_CornerFrame.uasset"
[2017.11.27-12.53.25:899][  0]LogPackFactory: Copied "../../../Samples/StarterContent/Content/StarterContent/Props/SM_Couch.uasset" to "D:/Univerdad/3o/iv/PDFtutorial/Project1/Content/StarterContent/Props/SM_Couch.uasset"
[2017.11.27-12.53.26:108][  0]LogPackFactory: Copied "../../../Samples/StarterContent/Content/StarterContent/Props/SM_Door.uasset" to "D:/Univerdad/3o/iv/PDFtutorial/Project1/Content/StarterContent/Props/SM_Door.uasset"
[2017.11.27-12.53.26:395][  0]LogPackFactory: Copied "../../../Samples/StarterContent/Content/StarterContent/Props/SM_DoorFrame.uasset" to "D:/Univerdad/3o/iv/PDFtutorial/Project1/Content/StarterContent/Props/SM_DoorFrame.uasset"
[2017.11.27-12.53.26:432][  0]LogPackFactory: Copied "../../../Samples/StarterContent/Content/StarterContent/Props/SM_GlassWindow.uasset" to "D:/Univerdad/3o/iv/PDFtutorial/Project1/Content/StarterContent/Props/SM_GlassWindow.uasset"
[2017.11.27-12.53.26:460][  0]LogPackFactory: Copied "../../../Samples/StarterContent/Content/StarterContent/Props/SM_Lamp_Ceiling.uasset" to "D:/Univerdad/3o/iv/PDFtutorial/Project1/Content/StarterContent/Props/SM_Lamp_Ceiling.uasset"
[2017.11.27-12.53.26:480][  0]LogPackFactory: Copied "../../../Samples/StarterContent/Content/StarterContent/Props/SM_Lamp_Wall.uasset" to "D:/Univerdad/3o/iv/PDFtutorial/Project1/Content/StarterContent/Props/SM_Lamp_Wall.uasset"
[2017.11.27-12.53.26:524][  0]LogPackFactory: Copied "../../../Samples/StarterContent/Content/StarterContent/Props/SM_MatPreviewMesh_02.uasset" to "D:/Univerdad/3o/iv/PDFtutorial/Project1/Content/StarterContent/Props/SM_MatPreviewMesh_02.uasset"
[2017.11.27-12.53.26:544][  0]LogPackFactory: Copied "../../../Samples/StarterContent/Content/StarterContent/Props/SM_PillarFrame.uasset" to "D:/Univerdad/3o/iv/PDFtutorial/Project1/Content/StarterContent/Props/SM_PillarFrame.uasset"
[2017.11.27-12.53.26:624][  0]LogPackFactory: Copied "../../../Samples/StarterContent/Content/StarterContent/Props/SM_PillarFrame300.uasset" to "D:/Univerdad/3o/iv/PDFtutorial/Project1/Content/StarterContent/Props/SM_PillarFrame300.uasset"
[2017.11.27-12.53.26:657][  0]LogPackFactory: Copied "../../../Samples/StarterContent/Content/StarterContent/Props/SM_Rock.uasset" to "D:/Univerdad/3o/iv/PDFtutorial/Project1/Content/StarterContent/Props/SM_Rock.uasset"
[2017.11.27-12.53.26:685][  0]LogPackFactory: Copied "../../../Samples/StarterContent/Content/StarterContent/Props/SM_Shelf.uasset" to "D:/Univerdad/3o/iv/PDFtutorial/Project1/Content/StarterContent/Props/SM_Shelf.uasset"
[2017.11.27-12.53.26:722][  0]LogPackFactory: Copied "../../../Samples/StarterContent/Content/StarterContent/Props/SM_Stairs.uasset" to "D:/Univerdad/3o/iv/PDFtutorial/Project1/Content/StarterContent/Props/SM_Stairs.uasset"
[2017.11.27-12.53.26:774][  0]LogPackFactory: Copied "../../../Samples/StarterContent/Content/StarterContent/Props/SM_Statue.uasset" to "D:/Univerdad/3o/iv/PDFtutorial/Project1/Content/StarterContent/Props/SM_Statue.uasset"
[2017.11.27-12.53.26:893][  0]LogPackFactory: Copied "../../../Samples/StarterContent/Content/StarterContent/Props/SM_TableRound.uasset" to "D:/Univerdad/3o/iv/PDFtutorial/Project1/Content/StarterContent/Props/SM_TableRound.uasset"
[2017.11.27-12.53.26:918][  0]LogPackFactory: Copied "../../../Samples/StarterContent/Content/StarterContent/Props/SM_WindowFrame.uasset" to "D:/Univerdad/3o/iv/PDFtutorial/Project1/Content/StarterContent/Props/SM_WindowFrame.uasset"
[2017.11.27-12.53.26:956][  0]LogPackFactory: Copied "../../../Samples/StarterContent/Content/StarterContent/Props/Materials/M_Bush.uasset" to "D:/Univerdad/3o/iv/PDFtutorial/Project1/Content/StarterContent/Props/Materials/M_Bush.uasset"
[2017.11.27-12.53.26:993][  0]LogPackFactory: Copied "../../../Samples/StarterContent/Content/StarterContent/Props/Materials/M_Chair.uasset" to "D:/Univerdad/3o/iv/PDFtutorial/Project1/Content/StarterContent/Props/Materials/M_Chair.uasset"
[2017.11.27-12.53.27:027][  0]LogPackFactory: Copied "../../../Samples/StarterContent/Content/StarterContent/Props/Materials/M_Door.uasset" to "D:/Univerdad/3o/iv/PDFtutorial/Project1/Content/StarterContent/Props/Materials/M_Door.uasset"
[2017.11.27-12.53.27:047][  0]LogPackFactory: Copied "../../../Samples/StarterContent/Content/StarterContent/Props/Materials/M_Frame.uasset" to "D:/Univerdad/3o/iv/PDFtutorial/Project1/Content/StarterContent/Props/Materials/M_Frame.uasset"
[2017.11.27-12.53.27:071][  0]LogPackFactory: Copied "../../../Samples/StarterContent/Content/StarterContent/Props/Materials/M_Lamp.uasset" to "D:/Univerdad/3o/iv/PDFtutorial/Project1/Content/StarterContent/Props/Materials/M_Lamp.uasset"
[2017.11.27-12.53.27:093][  0]LogPackFactory: Copied "../../../Samples/StarterContent/Content/StarterContent/Props/Materials/M_MaterialSphere.uasset" to "D:/Univerdad/3o/iv/PDFtutorial/Project1/Content/StarterContent/Props/Materials/M_MaterialSphere.uasset"
[2017.11.27-12.53.27:115][  0]LogPackFactory: Copied "../../../Samples/StarterContent/Content/StarterContent/Props/Materials/M_MaterialSphere_Plain.uasset" to "D:/Univerdad/3o/iv/PDFtutorial/Project1/Content/StarterContent/Props/Materials/M_MaterialSphere_Plain.uasset"
[2017.11.27-12.53.27:157][  0]LogPackFactory: Copied "../../../Samples/StarterContent/Content/StarterContent/Props/Materials/M_Rock.uasset" to "D:/Univerdad/3o/iv/PDFtutorial/Project1/Content/StarterContent/Props/Materials/M_Rock.uasset"
[2017.11.27-12.53.27:259][  0]LogPackFactory: Copied "../../../Samples/StarterContent/Content/StarterContent/Props/Materials/M_Shelf.uasset" to "D:/Univerdad/3o/iv/PDFtutorial/Project1/Content/StarterContent/Props/Materials/M_Shelf.uasset"
[2017.11.27-12.53.27:569][  0]LogPackFactory: Copied "../../../Samples/StarterContent/Content/StarterContent/Props/Materials/M_Statue.uasset" to "D:/Univerdad/3o/iv/PDFtutorial/Project1/Content/StarterContent/Props/Materials/M_Statue.uasset"
[2017.11.27-12.53.27:633][  0]LogPackFactory: Copied "../../../Samples/StarterContent/Content/StarterContent/Props/Materials/M_StatueGlass.uasset" to "D:/Univerdad/3o/iv/PDFtutorial/Project1/Content/StarterContent/Props/Materials/M_StatueGlass.uasset"
[2017.11.27-12.53.27:687][  0]LogPackFactory: Copied "../../../Samples/StarterContent/Content/StarterContent/Props/Materials/M_TableRound.uasset" to "D:/Univerdad/3o/iv/PDFtutorial/Project1/Content/StarterContent/Props/Materials/M_TableRound.uasset"
[2017.11.27-12.53.27:736][  0]LogPackFactory: Copied "../../../Samples/StarterContent/Content/StarterContent/Shapes/Shape_Cone.uasset" to "D:/Univerdad/3o/iv/PDFtutorial/Project1/Content/StarterContent/Shapes/Shape_Cone.uasset"
[2017.11.27-12.53.27:766][  0]LogPackFactory: Copied "../../../Samples/StarterContent/Content/StarterContent/Shapes/Shape_Cube.uasset" to "D:/Univerdad/3o/iv/PDFtutorial/Project1/Content/StarterContent/Shapes/Shape_Cube.uasset"
[2017.11.27-12.53.27:798][  0]LogPackFactory: Copied "../../../Samples/StarterContent/Content/StarterContent/Shapes/Shape_Cylinder.uasset" to "D:/Univerdad/3o/iv/PDFtutorial/Project1/Content/StarterContent/Shapes/Shape_Cylinder.uasset"
[2017.11.27-12.53.27:824][  0]LogPackFactory: Copied "../../../Samples/StarterContent/Content/StarterContent/Shapes/Shape_NarrowCapsule.uasset" to "D:/Univerdad/3o/iv/PDFtutorial/Project1/Content/StarterContent/Shapes/Shape_NarrowCapsule.uasset"
[2017.11.27-12.53.27:844][  0]LogPackFactory: Copied "../../../Samples/StarterContent/Content/StarterContent/Shapes/Shape_Pipe.uasset" to "D:/Univerdad/3o/iv/PDFtutorial/Project1/Content/StarterContent/Shapes/Shape_Pipe.uasset"
[2017.11.27-12.53.27:872][  0]LogPackFactory: Copied "../../../Samples/StarterContent/Content/StarterContent/Shapes/Shape_Pipe_180.uasset" to "D:/Univerdad/3o/iv/PDFtutorial/Project1/Content/StarterContent/Shapes/Shape_Pipe_180.uasset"
[2017.11.27-12.53.28:027][  0]LogPackFactory: Copied "../../../Samples/StarterContent/Content/StarterContent/Shapes/Shape_Pipe_90.uasset" to "D:/Univerdad/3o/iv/PDFtutorial/Project1/Content/StarterContent/Shapes/Shape_Pipe_90.uasset"
[2017.11.27-12.53.28:051][  0]LogPackFactory: Copied "../../../Samples/StarterContent/Content/StarterContent/Shapes/Shape_Plane.uasset" to "D:/Univerdad/3o/iv/PDFtutorial/Project1/Content/StarterContent/Shapes/Shape_Plane.uasset"
[2017.11.27-12.53.28:073][  0]LogPackFactory: Copied "../../../Samples/StarterContent/Content/StarterContent/Shapes/Shape_QuadPyramid.uasset" to "D:/Univerdad/3o/iv/PDFtutorial/Project1/Content/StarterContent/Shapes/Shape_QuadPyramid.uasset"
[2017.11.27-12.53.28:101][  0]LogPackFactory: Copied "../../../Samples/StarterContent/Content/StarterContent/Shapes/Shape_Sphere.uasset" to "D:/Univerdad/3o/iv/PDFtutorial/Project1/Content/StarterContent/Shapes/Shape_Sphere.uasset"
[2017.11.27-12.53.28:115][  0]LogPackFactory: Copied "../../../Samples/StarterContent/Content/StarterContent/Shapes/Shape_Torus.uasset" to "D:/Univerdad/3o/iv/PDFtutorial/Project1/Content/StarterContent/Shapes/Shape_Torus.uasset"
[2017.11.27-12.53.28:138][  0]LogPackFactory: Copied "../../../Samples/StarterContent/Content/StarterContent/Shapes/Shape_Trim.uasset" to "D:/Univerdad/3o/iv/PDFtutorial/Project1/Content/StarterContent/Shapes/Shape_Trim.uasset"
[2017.11.27-12.53.28:162][  0]LogPackFactory: Copied "../../../Samples/StarterContent/Content/StarterContent/Shapes/Shape_Trim_90_In.uasset" to "D:/Univerdad/3o/iv/PDFtutorial/Project1/Content/StarterContent/Shapes/Shape_Trim_90_In.uasset"
[2017.11.27-12.53.28:180][  0]LogPackFactory: Copied "../../../Samples/StarterContent/Content/StarterContent/Shapes/Shape_Trim_90_Out.uasset" to "D:/Univerdad/3o/iv/PDFtutorial/Project1/Content/StarterContent/Shapes/Shape_Trim_90_Out.uasset"
[2017.11.27-12.53.28:201][  0]LogPackFactory: Copied "../../../Samples/StarterContent/Content/StarterContent/Shapes/Shape_TriPyramid.uasset" to "D:/Univerdad/3o/iv/PDFtutorial/Project1/Content/StarterContent/Shapes/Shape_TriPyramid.uasset"
[2017.11.27-12.53.28:219][  0]LogPackFactory: Copied "../../../Samples/StarterContent/Content/StarterContent/Shapes/Shape_Tube.uasset" to "D:/Univerdad/3o/iv/PDFtutorial/Project1/Content/StarterContent/Shapes/Shape_Tube.uasset"
[2017.11.27-12.53.28:261][  0]LogPackFactory: Copied "../../../Samples/StarterContent/Content/StarterContent/Shapes/Shape_Wedge_A.uasset" to "D:/Univerdad/3o/iv/PDFtutorial/Project1/Content/StarterContent/Shapes/Shape_Wedge_A.uasset"
[2017.11.27-12.53.28:303][  0]LogPackFactory: Copied "../../../Samples/StarterContent/Content/StarterContent/Shapes/Shape_Wedge_B.uasset" to "D:/Univerdad/3o/iv/PDFtutorial/Project1/Content/StarterContent/Shapes/Shape_Wedge_B.uasset"
[2017.11.27-12.53.28:338][  0]LogPackFactory: Copied "../../../Samples/StarterContent/Content/StarterContent/Shapes/Shape_WideCapsule.uasset" to "D:/Univerdad/3o/iv/PDFtutorial/Project1/Content/StarterContent/Shapes/Shape_WideCapsule.uasset"
[2017.11.27-12.53.28:418][  0]LogPackFactory: Copied "../../../Samples/StarterContent/Content/StarterContent/Textures/T_Brick_Clay_Beveled_D.uasset" to "D:/Univerdad/3o/iv/PDFtutorial/Project1/Content/StarterContent/Textures/T_Brick_Clay_Beveled_D.uasset"
[2017.11.27-12.53.28:505][  0]LogPackFactory: Copied "../../../Samples/StarterContent/Content/StarterContent/Textures/T_Brick_Clay_Beveled_M.uasset" to "D:/Univerdad/3o/iv/PDFtutorial/Project1/Content/StarterContent/Textures/T_Brick_Clay_Beveled_M.uasset"
[2017.11.27-12.53.28:593][  0]LogPackFactory: Copied "../../../Samples/StarterContent/Content/StarterContent/Textures/T_Brick_Clay_Beveled_N.uasset" to "D:/Univerdad/3o/iv/PDFtutorial/Project1/Content/StarterContent/Textures/T_Brick_Clay_Beveled_N.uasset"
[2017.11.27-12.53.28:662][  0]LogPackFactory: Copied "../../../Samples/StarterContent/Content/StarterContent/Textures/T_Brick_Clay_New_D.uasset" to "D:/Univerdad/3o/iv/PDFtutorial/Project1/Content/StarterContent/Textures/T_Brick_Clay_New_D.uasset"
[2017.11.27-12.53.28:813][  0]LogPackFactory: Copied "../../../Samples/StarterContent/Content/StarterContent/Textures/T_Brick_Clay_New_M.uasset" to "D:/Univerdad/3o/iv/PDFtutorial/Project1/Content/StarterContent/Textures/T_Brick_Clay_New_M.uasset"
[2017.11.27-12.53.28:960][  0]LogPackFactory: Copied "../../../Samples/StarterContent/Content/StarterContent/Textures/T_Brick_Clay_New_N.uasset" to "D:/Univerdad/3o/iv/PDFtutorial/Project1/Content/StarterContent/Textures/T_Brick_Clay_New_N.uasset"
[2017.11.27-12.53.29:070][  0]LogPackFactory: Copied "../../../Samples/StarterContent/Content/StarterContent/Textures/T_Brick_Clay_Old_D.uasset" to "D:/Univerdad/3o/iv/PDFtutorial/Project1/Content/StarterContent/Textures/T_Brick_Clay_Old_D.uasset"
[2017.11.27-12.53.29:154][  0]LogPackFactory: Copied "../../../Samples/StarterContent/Content/StarterContent/Textures/T_Brick_Clay_Old_N.uasset" to "D:/Univerdad/3o/iv/PDFtutorial/Project1/Content/StarterContent/Textures/T_Brick_Clay_Old_N.uasset"
[2017.11.27-12.53.29:370][  0]LogPackFactory: Copied "../../../Samples/StarterContent/Content/StarterContent/Textures/T_Brick_Cut_Stone_D.uasset" to "D:/Univerdad/3o/iv/PDFtutorial/Project1/Content/StarterContent/Textures/T_Brick_Cut_Stone_D.uasset"
[2017.11.27-12.53.29:476][  0]LogPackFactory: Copied "../../../Samples/StarterContent/Content/StarterContent/Textures/T_Brick_Cut_Stone_N.uasset" to "D:/Univerdad/3o/iv/PDFtutorial/Project1/Content/StarterContent/Textures/T_Brick_Cut_Stone_N.uasset"
[2017.11.27-12.53.29:603][  0]LogPackFactory: Copied "../../../Samples/StarterContent/Content/StarterContent/Textures/T_Brick_Hewn_Stone_D.uasset" to "D:/Univerdad/3o/iv/PDFtutorial/Project1/Content/StarterContent/Textures/T_Brick_Hewn_Stone_D.uasset"
[2017.11.27-12.53.29:691][  0]LogPackFactory: Copied "../../../Samples/StarterContent/Content/StarterContent/Textures/T_Brick_Hewn_Stone_M.uasset" to "D:/Univerdad/3o/iv/PDFtutorial/Project1/Content/StarterContent/Textures/T_Brick_Hewn_Stone_M.uasset"
[2017.11.27-12.53.29:788][  0]LogPackFactory: Copied "../../../Samples/StarterContent/Content/StarterContent/Textures/T_Brick_Hewn_Stone_N.uasset" to "D:/Univerdad/3o/iv/PDFtutorial/Project1/Content/StarterContent/Textures/T_Brick_Hewn_Stone_N.uasset"
[2017.11.27-12.53.29:881][  0]LogPackFactory: Copied "../../../Samples/StarterContent/Content/StarterContent/Textures/T_Burst_M.uasset" to "D:/Univerdad/3o/iv/PDFtutorial/Project1/Content/StarterContent/Textures/T_Burst_M.uasset"
[2017.11.27-12.53.29:918][  0]LogPackFactory: Copied "../../../Samples/StarterContent/Content/StarterContent/Textures/T_Bush_D.uasset" to "D:/Univerdad/3o/iv/PDFtutorial/Project1/Content/StarterContent/Textures/T_Bush_D.uasset"
[2017.11.27-12.53.29:969][  0]LogPackFactory: Copied "../../../Samples/StarterContent/Content/StarterContent/Textures/T_Bush_N.uasset" to "D:/Univerdad/3o/iv/PDFtutorial/Project1/Content/StarterContent/Textures/T_Bush_N.uasset"
[2017.11.27-12.53.30:006][  0]LogPackFactory: Copied "../../../Samples/StarterContent/Content/StarterContent/Textures/T_Ceramic_Tile_M.uasset" to "D:/Univerdad/3o/iv/PDFtutorial/Project1/Content/StarterContent/Textures/T_Ceramic_Tile_M.uasset"
[2017.11.27-12.53.30:323][  0]LogPackFactory: Copied "../../../Samples/StarterContent/Content/StarterContent/Textures/T_Ceramic_Tile_N.uasset" to "D:/Univerdad/3o/iv/PDFtutorial/Project1/Content/StarterContent/Textures/T_Ceramic_Tile_N.uasset"
[2017.11.27-12.53.30:363][  0]LogPackFactory: Copied "../../../Samples/StarterContent/Content/StarterContent/Textures/T_Chair_M.uasset" to "D:/Univerdad/3o/iv/PDFtutorial/Project1/Content/StarterContent/Textures/T_Chair_M.uasset"
[2017.11.27-12.53.30:426][  0]LogPackFactory: Copied "../../../Samples/StarterContent/Content/StarterContent/Textures/T_Chair_N.uasset" to "D:/Univerdad/3o/iv/PDFtutorial/Project1/Content/StarterContent/Textures/T_Chair_N.uasset"
[2017.11.27-12.53.30:447][  0]LogPackFactory: Copied "../../../Samples/StarterContent/Content/StarterContent/Textures/T_Checker_Noise_M.uasset" to "D:/Univerdad/3o/iv/PDFtutorial/Project1/Content/StarterContent/Textures/T_Checker_Noise_M.uasset"
[2017.11.27-12.53.30:555][  0]LogPackFactory: Copied "../../../Samples/StarterContent/Content/StarterContent/Textures/T_CobbleStone_Pebble_D.uasset" to "D:/Univerdad/3o/iv/PDFtutorial/Project1/Content/StarterContent/Textures/T_CobbleStone_Pebble_D.uasset"
[2017.11.27-12.53.30:595][  0]LogPackFactory: Copied "../../../Samples/StarterContent/Content/StarterContent/Textures/T_CobbleStone_Pebble_M.uasset" to "D:/Univerdad/3o/iv/PDFtutorial/Project1/Content/StarterContent/Textures/T_CobbleStone_Pebble_M.uasset"
[2017.11.27-12.53.30:729][  0]LogPackFactory: Copied "../../../Samples/StarterContent/Content/StarterContent/Textures/T_CobbleStone_Pebble_N.uasset" to "D:/Univerdad/3o/iv/PDFtutorial/Project1/Content/StarterContent/Textures/T_CobbleStone_Pebble_N.uasset"
[2017.11.27-12.53.30:805][  0]LogPackFactory: Copied "../../../Samples/StarterContent/Content/StarterContent/Textures/T_CobbleStone_Rough_D.uasset" to "D:/Univerdad/3o/iv/PDFtutorial/Project1/Content/StarterContent/Textures/T_CobbleStone_Rough_D.uasset"
[2017.11.27-12.53.30:864][  0]LogPackFactory: Copied "../../../Samples/StarterContent/Content/StarterContent/Textures/T_CobbleStone_Rough_N.uasset" to "D:/Univerdad/3o/iv/PDFtutorial/Project1/Content/StarterContent/Textures/T_CobbleStone_Rough_N.uasset"
[2017.11.27-12.53.31:027][  0]LogPackFactory: Copied "../../../Samples/StarterContent/Content/StarterContent/Textures/T_CobbleStone_Smooth_D.uasset" to "D:/Univerdad/3o/iv/PDFtutorial/Project1/Content/StarterContent/Textures/T_CobbleStone_Smooth_D.uasset"
[2017.11.27-12.53.31:096][  0]LogPackFactory: Copied "../../../Samples/StarterContent/Content/StarterContent/Textures/T_CobbleStone_Smooth_M.uasset" to "D:/Univerdad/3o/iv/PDFtutorial/Project1/Content/StarterContent/Textures/T_CobbleStone_Smooth_M.uasset"
[2017.11.27-12.53.31:210][  0]LogPackFactory: Copied "../../../Samples/StarterContent/Content/StarterContent/Textures/T_CobbleStone_Smooth_N.uasset" to "D:/Univerdad/3o/iv/PDFtutorial/Project1/Content/StarterContent/Textures/T_CobbleStone_Smooth_N.uasset"
[2017.11.27-12.53.31:348][  0]LogPackFactory: Copied "../../../Samples/StarterContent/Content/StarterContent/Textures/T_Concrete_Grime_D.uasset" to "D:/Univerdad/3o/iv/PDFtutorial/Project1/Content/StarterContent/Textures/T_Concrete_Grime_D.uasset"
[2017.11.27-12.53.31:462][  0]LogPackFactory: Copied "../../../Samples/StarterContent/Content/StarterContent/Textures/T_Concrete_Panels_D.uasset" to "D:/Univerdad/3o/iv/PDFtutorial/Project1/Content/StarterContent/Textures/T_Concrete_Panels_D.uasset"
[2017.11.27-12.53.31:676][  0]LogPackFactory: Copied "../../../Samples/StarterContent/Content/StarterContent/Textures/T_Concrete_Panels_N.uasset" to "D:/Univerdad/3o/iv/PDFtutorial/Project1/Content/StarterContent/Textures/T_Concrete_Panels_N.uasset"
[2017.11.27-12.53.31:861][  0]LogPackFactory: Copied "../../../Samples/StarterContent/Content/StarterContent/Textures/T_Concrete_Poured_D.uasset" to "D:/Univerdad/3o/iv/PDFtutorial/Project1/Content/StarterContent/Textures/T_Concrete_Poured_D.uasset"
[2017.11.27-12.53.32:035][  0]LogPackFactory: Copied "../../../Samples/StarterContent/Content/StarterContent/Textures/T_Concrete_Poured_N.uasset" to "D:/Univerdad/3o/iv/PDFtutorial/Project1/Content/StarterContent/Textures/T_Concrete_Poured_N.uasset"
[2017.11.27-12.53.32:155][  0]LogPackFactory: Copied "../../../Samples/StarterContent/Content/StarterContent/Textures/T_Concrete_Tiles_D.uasset" to "D:/Univerdad/3o/iv/PDFtutorial/Project1/Content/StarterContent/Textures/T_Concrete_Tiles_D.uasset"
[2017.11.27-12.53.32:340][  0]LogPackFactory: Copied "../../../Samples/StarterContent/Content/StarterContent/Textures/T_Concrete_Tiles_M.uasset" to "D:/Univerdad/3o/iv/PDFtutorial/Project1/Content/StarterContent/Textures/T_Concrete_Tiles_M.uasset"
[2017.11.27-12.53.32:464][  0]LogPackFactory: Copied "../../../Samples/StarterContent/Content/StarterContent/Textures/T_Concrete_Tiles_N.uasset" to "D:/Univerdad/3o/iv/PDFtutorial/Project1/Content/StarterContent/Textures/T_Concrete_Tiles_N.uasset"
[2017.11.27-12.53.32:540][  0]LogPackFactory: Copied "../../../Samples/StarterContent/Content/StarterContent/Textures/T_Concrete_Tiles_Variation_M.uasset" to "D:/Univerdad/3o/iv/PDFtutorial/Project1/Content/StarterContent/Textures/T_Concrete_Tiles_Variation_M.uasset"
[2017.11.27-12.53.32:591][  0]LogPackFactory: Copied "../../../Samples/StarterContent/Content/StarterContent/Textures/T_Detail_Rocky_N.uasset" to "D:/Univerdad/3o/iv/PDFtutorial/Project1/Content/StarterContent/Textures/T_Detail_Rocky_N.uasset"
[2017.11.27-12.53.32:619][  0]LogPackFactory: Copied "../../../Samples/StarterContent/Content/StarterContent/Textures/T_Door_M.uasset" to "D:/Univerdad/3o/iv/PDFtutorial/Project1/Content/StarterContent/Textures/T_Door_M.uasset"
[2017.11.27-12.53.32:650][  0]LogPackFactory: Copied "../../../Samples/StarterContent/Content/StarterContent/Textures/T_Door_N.uasset" to "D:/Univerdad/3o/iv/PDFtutorial/Project1/Content/StarterContent/Textures/T_Door_N.uasset"
[2017.11.27-12.53.32:687][  0]LogPackFactory: Copied "../../../Samples/StarterContent/Content/StarterContent/Textures/T_Dust_Particle_D.uasset" to "D:/Univerdad/3o/iv/PDFtutorial/Project1/Content/StarterContent/Textures/T_Dust_Particle_D.uasset"
[2017.11.27-12.53.32:735][  0]LogPackFactory: Copied "../../../Samples/StarterContent/Content/StarterContent/Textures/T_Explosion_SubUV.uasset" to "D:/Univerdad/3o/iv/PDFtutorial/Project1/Content/StarterContent/Textures/T_Explosion_SubUV.uasset"
[2017.11.27-12.53.32:821][  0]LogPackFactory: Copied "../../../Samples/StarterContent/Content/StarterContent/Textures/T_Fire_SubUV.uasset" to "D:/Univerdad/3o/iv/PDFtutorial/Project1/Content/StarterContent/Textures/T_Fire_SubUV.uasset"
[2017.11.27-12.53.32:919][  0]LogPackFactory: Copied "../../../Samples/StarterContent/Content/StarterContent/Textures/T_Fire_Tiled_D.uasset" to "D:/Univerdad/3o/iv/PDFtutorial/Project1/Content/StarterContent/Textures/T_Fire_Tiled_D.uasset"
[2017.11.27-12.53.33:097][  0]LogPackFactory: Copied "../../../Samples/StarterContent/Content/StarterContent/Textures/T_Frame_M.uasset" to "D:/Univerdad/3o/iv/PDFtutorial/Project1/Content/StarterContent/Textures/T_Frame_M.uasset"
[2017.11.27-12.53.33:319][  0]LogPackFactory: Copied "../../../Samples/StarterContent/Content/StarterContent/Textures/T_Frame_N.uasset" to "D:/Univerdad/3o/iv/PDFtutorial/Project1/Content/StarterContent/Textures/T_Frame_N.uasset"
[2017.11.27-12.53.33:344][  0]LogPackFactory: Copied "../../../Samples/StarterContent/Content/StarterContent/Textures/T_Gradinet_01.uasset" to "D:/Univerdad/3o/iv/PDFtutorial/Project1/Content/StarterContent/Textures/T_Gradinet_01.uasset"
[2017.11.27-12.53.34:000][  0]LogPackFactory: Copied "../../../Samples/StarterContent/Content/StarterContent/Textures/T_Ground_Grass_D.uasset" to "D:/Univerdad/3o/iv/PDFtutorial/Project1/Content/StarterContent/Textures/T_Ground_Grass_D.uasset"
[2017.11.27-12.53.34:138][  0]LogPackFactory: Copied "../../../Samples/StarterContent/Content/StarterContent/Textures/T_Ground_Grass_N.uasset" to "D:/Univerdad/3o/iv/PDFtutorial/Project1/Content/StarterContent/Textures/T_Ground_Grass_N.uasset"
[2017.11.27-12.53.34:373][  0]LogPackFactory: Copied "../../../Samples/StarterContent/Content/StarterContent/Textures/T_Ground_Gravel_D.uasset" to "D:/Univerdad/3o/iv/PDFtutorial/Project1/Content/StarterContent/Textures/T_Ground_Gravel_D.uasset"
[2017.11.27-12.53.34:524][  0]LogPackFactory: Copied "../../../Samples/StarterContent/Content/StarterContent/Textures/T_Ground_Gravel_N.uasset" to "D:/Univerdad/3o/iv/PDFtutorial/Project1/Content/StarterContent/Textures/T_Ground_Gravel_N.uasset"
[2017.11.27-12.53.34:729][  0]LogPackFactory: Copied "../../../Samples/StarterContent/Content/StarterContent/Textures/T_ground_Moss_D.uasset" to "D:/Univerdad/3o/iv/PDFtutorial/Project1/Content/StarterContent/Textures/T_ground_Moss_D.uasset"
[2017.11.27-12.53.34:943][  0]LogPackFactory: Copied "../../../Samples/StarterContent/Content/StarterContent/Textures/T_Ground_Moss_N.uasset" to "D:/Univerdad/3o/iv/PDFtutorial/Project1/Content/StarterContent/Textures/T_Ground_Moss_N.uasset"
[2017.11.27-12.53.35:076][  0]LogPackFactory: Copied "../../../Samples/StarterContent/Content/StarterContent/Textures/T_Lamp_M.uasset" to "D:/Univerdad/3o/iv/PDFtutorial/Project1/Content/StarterContent/Textures/T_Lamp_M.uasset"
[2017.11.27-12.53.35:131][  0]LogPackFactory: Copied "../../../Samples/StarterContent/Content/StarterContent/Textures/T_Lamp_N.uasset" to "D:/Univerdad/3o/iv/PDFtutorial/Project1/Content/StarterContent/Textures/T_Lamp_N.uasset"
[2017.11.27-12.53.35:279][  0]LogPackFactory: Copied "../../../Samples/StarterContent/Content/StarterContent/Textures/T_MacroVariation.uasset" to "D:/Univerdad/3o/iv/PDFtutorial/Project1/Content/StarterContent/Textures/T_MacroVariation.uasset"
[2017.11.27-12.53.35:405][  0]LogPackFactory: Copied "../../../Samples/StarterContent/Content/StarterContent/Textures/T_Metal_Aluminum_D.uasset" to "D:/Univerdad/3o/iv/PDFtutorial/Project1/Content/StarterContent/Textures/T_Metal_Aluminum_D.uasset"
[2017.11.27-12.53.35:804][  0]LogPackFactory: Copied "../../../Samples/StarterContent/Content/StarterContent/Textures/T_Metal_Copper_D.uasset" to "D:/Univerdad/3o/iv/PDFtutorial/Project1/Content/StarterContent/Textures/T_Metal_Copper_D.uasset"
[2017.11.27-12.53.35:995][  0]LogPackFactory: Copied "../../../Samples/StarterContent/Content/StarterContent/Textures/T_Metal_Gold_D.uasset" to "D:/Univerdad/3o/iv/PDFtutorial/Project1/Content/StarterContent/Textures/T_Metal_Gold_D.uasset"
[2017.11.27-12.53.36:239][  0]LogPackFactory: Copied "../../../Samples/StarterContent/Content/StarterContent/Textures/T_Metal_Gold_N.uasset" to "D:/Univerdad/3o/iv/PDFtutorial/Project1/Content/StarterContent/Textures/T_Metal_Gold_N.uasset"
[2017.11.27-12.53.36:363][  0]LogPackFactory: Copied "../../../Samples/StarterContent/Content/StarterContent/Textures/T_Metal_Rust_D.uasset" to "D:/Univerdad/3o/iv/PDFtutorial/Project1/Content/StarterContent/Textures/T_Metal_Rust_D.uasset"
[2017.11.27-12.53.36:512][  0]LogPackFactory: Copied "../../../Samples/StarterContent/Content/StarterContent/Textures/T_Metal_Rust_N.uasset" to "D:/Univerdad/3o/iv/PDFtutorial/Project1/Content/StarterContent/Textures/T_Metal_Rust_N.uasset"
[2017.11.27-12.53.36:565][  0]LogPackFactory: Copied "../../../Samples/StarterContent/Content/StarterContent/Textures/T_Metal_Steel_D.uasset" to "D:/Univerdad/3o/iv/PDFtutorial/Project1/Content/StarterContent/Textures/T_Metal_Steel_D.uasset"
[2017.11.27-12.53.36:663][  0]LogPackFactory: Copied "../../../Samples/StarterContent/Content/StarterContent/Textures/T_Metal_Steel_N.uasset" to "D:/Univerdad/3o/iv/PDFtutorial/Project1/Content/StarterContent/Textures/T_Metal_Steel_N.uasset"
[2017.11.27-12.53.36:750][  0]LogPackFactory: Copied "../../../Samples/StarterContent/Content/StarterContent/Textures/T_Perlin_Noise_M.uasset" to "D:/Univerdad/3o/iv/PDFtutorial/Project1/Content/StarterContent/Textures/T_Perlin_Noise_M.uasset"
[2017.11.27-12.53.36:803][  0]LogPackFactory: Copied "../../../Samples/StarterContent/Content/StarterContent/Textures/T_RockMesh_M.uasset" to "D:/Univerdad/3o/iv/PDFtutorial/Project1/Content/StarterContent/Textures/T_RockMesh_M.uasset"
[2017.11.27-12.53.37:334][  0]LogPackFactory: Copied "../../../Samples/StarterContent/Content/StarterContent/Textures/T_RockMesh_N.uasset" to "D:/Univerdad/3o/iv/PDFtutorial/Project1/Content/StarterContent/Textures/T_RockMesh_N.uasset"
[2017.11.27-12.53.37:570][  0]LogPackFactory: Copied "../../../Samples/StarterContent/Content/StarterContent/Textures/T_Rock_Basalt_D.uasset" to "D:/Univerdad/3o/iv/PDFtutorial/Project1/Content/StarterContent/Textures/T_Rock_Basalt_D.uasset"
[2017.11.27-12.53.37:683][  0]LogPackFactory: Copied "../../../Samples/StarterContent/Content/StarterContent/Textures/T_Rock_Basalt_N.uasset" to "D:/Univerdad/3o/iv/PDFtutorial/Project1/Content/StarterContent/Textures/T_Rock_Basalt_N.uasset"
[2017.11.27-12.53.37:828][  0]LogPackFactory: Copied "../../../Samples/StarterContent/Content/StarterContent/Textures/T_Rock_Marble_Polished_D.uasset" to "D:/Univerdad/3o/iv/PDFtutorial/Project1/Content/StarterContent/Textures/T_Rock_Marble_Polished_D.uasset"
[2017.11.27-12.53.37:940][  0]LogPackFactory: Copied "../../../Samples/StarterContent/Content/StarterContent/Textures/T_Rock_Sandstone_D.uasset" to "D:/Univerdad/3o/iv/PDFtutorial/Project1/Content/StarterContent/Textures/T_Rock_Sandstone_D.uasset"
[2017.11.27-12.53.38:039][  0]LogPackFactory: Copied "../../../Samples/StarterContent/Content/StarterContent/Textures/T_Rock_Sandstone_N.uasset" to "D:/Univerdad/3o/iv/PDFtutorial/Project1/Content/StarterContent/Textures/T_Rock_Sandstone_N.uasset"
[2017.11.27-12.53.38:160][  0]LogPackFactory: Copied "../../../Samples/StarterContent/Content/StarterContent/Textures/T_Rock_Slate_D.uasset" to "D:/Univerdad/3o/iv/PDFtutorial/Project1/Content/StarterContent/Textures/T_Rock_Slate_D.uasset"
[2017.11.27-12.53.38:266][  0]LogPackFactory: Copied "../../../Samples/StarterContent/Content/StarterContent/Textures/T_Rock_Slate_N.uasset" to "D:/Univerdad/3o/iv/PDFtutorial/Project1/Content/StarterContent/Textures/T_Rock_Slate_N.uasset"
[2017.11.27-12.53.38:680][  0]LogPackFactory: Copied "../../../Samples/StarterContent/Content/StarterContent/Textures/T_Rock_Smooth_Granite_D.uasset" to "D:/Univerdad/3o/iv/PDFtutorial/Project1/Content/StarterContent/Textures/T_Rock_Smooth_Granite_D.uasset"
[2017.11.27-12.53.38:964][  0]LogPackFactory: Copied "../../../Samples/StarterContent/Content/StarterContent/Textures/T_Shelf_M.uasset" to "D:/Univerdad/3o/iv/PDFtutorial/Project1/Content/StarterContent/Textures/T_Shelf_M.uasset"
[2017.11.27-12.53.39:156][  0]LogPackFactory: Copied "../../../Samples/StarterContent/Content/StarterContent/Textures/T_Shelf_N.uasset" to "D:/Univerdad/3o/iv/PDFtutorial/Project1/Content/StarterContent/Textures/T_Shelf_N.uasset"
[2017.11.27-12.53.39:197][  0]LogPackFactory: Copied "../../../Samples/StarterContent/Content/StarterContent/Textures/T_Single_Tile_N.uasset" to "D:/Univerdad/3o/iv/PDFtutorial/Project1/Content/StarterContent/Textures/T_Single_Tile_N.uasset"
[2017.11.27-12.53.39:234][  0]LogPackFactory: Copied "../../../Samples/StarterContent/Content/StarterContent/Textures/T_Smoke_SubUV.uasset" to "D:/Univerdad/3o/iv/PDFtutorial/Project1/Content/StarterContent/Textures/T_Smoke_SubUV.uasset"
[2017.11.27-12.53.39:251][  0]LogPackFactory: Copied "../../../Samples/StarterContent/Content/StarterContent/Textures/T_Smoke_Tiled_D.uasset" to "D:/Univerdad/3o/iv/PDFtutorial/Project1/Content/StarterContent/Textures/T_Smoke_Tiled_D.uasset"
[2017.11.27-12.53.39:278][  0]LogPackFactory: Copied "../../../Samples/StarterContent/Content/StarterContent/Textures/T_Spark_Core.uasset" to "D:/Univerdad/3o/iv/PDFtutorial/Project1/Content/StarterContent/Textures/T_Spark_Core.uasset"
[2017.11.27-12.53.39:312][  0]LogPackFactory: Copied "../../../Samples/StarterContent/Content/StarterContent/Textures/T_Statue_M.uasset" to "D:/Univerdad/3o/iv/PDFtutorial/Project1/Content/StarterContent/Textures/T_Statue_M.uasset"
[2017.11.27-12.53.39:347][  0]LogPackFactory: Copied "../../../Samples/StarterContent/Content/StarterContent/Textures/T_Statue_N.uasset" to "D:/Univerdad/3o/iv/PDFtutorial/Project1/Content/StarterContent/Textures/T_Statue_N.uasset"
[2017.11.27-12.53.39:415][  0]LogPackFactory: Copied "../../../Samples/StarterContent/Content/StarterContent/Textures/T_TableRound_M.uasset" to "D:/Univerdad/3o/iv/PDFtutorial/Project1/Content/StarterContent/Textures/T_TableRound_M.uasset"
[2017.11.27-12.53.39:452][  0]LogPackFactory: Copied "../../../Samples/StarterContent/Content/StarterContent/Textures/T_TableRound_N.uasset" to "D:/Univerdad/3o/iv/PDFtutorial/Project1/Content/StarterContent/Textures/T_TableRound_N.uasset"
[2017.11.27-12.53.39:470][  0]LogPackFactory: Copied "../../../Samples/StarterContent/Content/StarterContent/Textures/T_Tech_Dot_M.uasset" to "D:/Univerdad/3o/iv/PDFtutorial/Project1/Content/StarterContent/Textures/T_Tech_Dot_M.uasset"
[2017.11.27-12.53.39:495][  0]LogPackFactory: Copied "../../../Samples/StarterContent/Content/StarterContent/Textures/T_Tech_Dot_N.uasset" to "D:/Univerdad/3o/iv/PDFtutorial/Project1/Content/StarterContent/Textures/T_Tech_Dot_N.uasset"
[2017.11.27-12.53.39:518][  0]LogPackFactory: Copied "../../../Samples/StarterContent/Content/StarterContent/Textures/T_Tech_Hex_Tile_M.uasset" to "D:/Univerdad/3o/iv/PDFtutorial/Project1/Content/StarterContent/Textures/T_Tech_Hex_Tile_M.uasset"
[2017.11.27-12.53.39:558][  0]LogPackFactory: Copied "../../../Samples/StarterContent/Content/StarterContent/Textures/T_Tech_Hex_Tile_N.uasset" to "D:/Univerdad/3o/iv/PDFtutorial/Project1/Content/StarterContent/Textures/T_Tech_Hex_Tile_N.uasset"
[2017.11.27-12.53.40:113][  0]LogPackFactory: Copied "../../../Samples/StarterContent/Content/StarterContent/Textures/T_Tech_Panel_M.uasset" to "D:/Univerdad/3o/iv/PDFtutorial/Project1/Content/StarterContent/Textures/T_Tech_Panel_M.uasset"
[2017.11.27-12.53.40:166][  0]LogPackFactory: Copied "../../../Samples/StarterContent/Content/StarterContent/Textures/T_Tech_Panel_N.uasset" to "D:/Univerdad/3o/iv/PDFtutorial/Project1/Content/StarterContent/Textures/T_Tech_Panel_N.uasset"
[2017.11.27-12.53.40:220][  0]LogPackFactory: Copied "../../../Samples/StarterContent/Content/StarterContent/Textures/T_Water_M.uasset" to "D:/Univerdad/3o/iv/PDFtutorial/Project1/Content/StarterContent/Textures/T_Water_M.uasset"
[2017.11.27-12.53.40:318][  0]LogPackFactory: Copied "../../../Samples/StarterContent/Content/StarterContent/Textures/T_Water_N.uasset" to "D:/Univerdad/3o/iv/PDFtutorial/Project1/Content/StarterContent/Textures/T_Water_N.uasset"
[2017.11.27-12.53.40:379][  0]LogPackFactory: Copied "../../../Samples/StarterContent/Content/StarterContent/Textures/T_Wood_Floor_Walnut_D.uasset" to "D:/Univerdad/3o/iv/PDFtutorial/Project1/Content/StarterContent/Textures/T_Wood_Floor_Walnut_D.uasset"
[2017.11.27-12.53.40:434][  0]LogPackFactory: Copied "../../../Samples/StarterContent/Content/StarterContent/Textures/T_Wood_Floor_Walnut_M.uasset" to "D:/Univerdad/3o/iv/PDFtutorial/Project1/Content/StarterContent/Textures/T_Wood_Floor_Walnut_M.uasset"
[2017.11.27-12.53.40:482][  0]LogPackFactory: Copied "../../../Samples/StarterContent/Content/StarterContent/Textures/T_Wood_Floor_Walnut_N.uasset" to "D:/Univerdad/3o/iv/PDFtutorial/Project1/Content/StarterContent/Textures/T_Wood_Floor_Walnut_N.uasset"
[2017.11.27-12.53.40:581][  0]LogPackFactory: Copied "../../../Samples/StarterContent/Content/StarterContent/Textures/T_Wood_Oak_D.uasset" to "D:/Univerdad/3o/iv/PDFtutorial/Project1/Content/StarterContent/Textures/T_Wood_Oak_D.uasset"
[2017.11.27-12.53.40:654][  0]LogPackFactory: Copied "../../../Samples/StarterContent/Content/StarterContent/Textures/T_Wood_Oak_N.uasset" to "D:/Univerdad/3o/iv/PDFtutorial/Project1/Content/StarterContent/Textures/T_Wood_Oak_N.uasset"
[2017.11.27-12.53.40:749][  0]LogPackFactory: Copied "../../../Samples/StarterContent/Content/StarterContent/Textures/T_Wood_Pine_D.uasset" to "D:/Univerdad/3o/iv/PDFtutorial/Project1/Content/StarterContent/Textures/T_Wood_Pine_D.uasset"
[2017.11.27-12.53.40:797][  0]LogPackFactory: Copied "../../../Samples/StarterContent/Content/StarterContent/Textures/T_Wood_Pine_N.uasset" to "D:/Univerdad/3o/iv/PDFtutorial/Project1/Content/StarterContent/Textures/T_Wood_Pine_N.uasset"
[2017.11.27-12.53.40:868][  0]LogPackFactory: Copied "../../../Samples/StarterContent/Content/StarterContent/Textures/T_Wood_Walnut_D.uasset" to "D:/Univerdad/3o/iv/PDFtutorial/Project1/Content/StarterContent/Textures/T_Wood_Walnut_D.uasset"
[2017.11.27-12.53.40:917][  0]LogPackFactory: Copied "../../../Samples/StarterContent/Content/StarterContent/Textures/T_Wood_Walnut_N.uasset" to "D:/Univerdad/3o/iv/PDFtutorial/Project1/Content/StarterContent/Textures/T_Wood_Walnut_N.uasset"
[2017.11.27-12.53.41:779][  0]LogStaticMesh: Building static mesh Floor_400x400...
[2017.11.27-12.53.41:862][  0]LogStaticMesh: Built static mesh [0.10s] /Game/StarterContent/Architecture/Floor_400x400.Floor_400x400
[2017.11.27-12.53.42:118][  0]LogRenderer: Reallocating scene render targets to support 256x256 NumSamples 1 (Frame:1).
[2017.11.27-12.53.42:217][  0]Cmd: OBJ SAVEPACKAGE PACKAGE="/Game/StarterContent/Architecture/Floor_400x400" FILE="D:/Univerdad/3o/iv/PDFtutorial/Project1/Content/StarterContent/Architecture/Floor_400x400.uasset" SILENT=true
[2017.11.27-12.53.42:268][  0]LogSavePackage: Save=44.02ms
[2017.11.27-12.53.42:269][  0]LogSavePackage: Moving 'D:/Univerdad/3o/iv/PDFtutorial/Project1/Saved/Floor_400x400249925174E475F201F2BF891602EC364.tmp' to 'D:/Univerdad/3o/iv/PDFtutorial/Project1/Content/StarterContent/Architecture/Floor_400x400.uasset'
[2017.11.27-12.53.42:355][  0]LogSavePackage:Display: Finished SavePackage D:/Univerdad/3o/iv/PDFtutorial/Project1/Content/StarterContent/Architecture/Floor_400x400.uasset
[2017.11.27-12.53.42:356][  0]LogFeaturePack:Warning: Inserted 1 feature packs
[2017.11.27-12.53.42:360][  0]Cmd: MAP LOAD FILE="D:/Univerdad/3o/iv/PDFtutorial/Project1/Content/ThirdPersonBP/Maps/ThirdPersonExampleMap.umap" TEMPLATE=0 SHOWPROGRESS=1 FEATURELEVEL=3
[2017.11.27-12.53.42:361][  0]LightingResults: New page: Lighting Build
[2017.11.27-12.53.42:403][  0]MapCheck: New page: Map Check
[2017.11.27-12.53.42:403][  0]LightingResults: New page: Lighting Build
[2017.11.27-12.53.43:213][  0]LogAIModule: Creating AISystem for world ThirdPersonExampleMap
[2017.11.27-12.53.43:221][  0]LogEditorServer: Finished looking for orphan Actors (0.000 secs)
[2017.11.27-12.53.43:234][  0]Cmd: MAP CHECKDEP NOCLEARLOG
[2017.11.27-12.53.43:282][  0]MapCheck: Info Map check complete: 0 Error(s), 0 Warning(s), took 48.5ms to complete.
[2017.11.27-12.53.43:282][  0]LogFileHelpers: Loading map 'ThirdPersonExampleMap' took 0.922
[2017.11.27-12.53.43:374][  0]LogWindowsTextInputMethodSystem:Display: IME system now deactivated.
[2017.11.27-12.53.43:515][  0]LogCollectionManager: Loaded 0 collections in 0.001666 seconds
[2017.11.27-12.53.43:607][  0]LogFileCache: Scanning file cache for directory 'D:/Univerdad/3o/iv/PDFtutorial/Project1/Saved/Collections/' took 0.01s
[2017.11.27-12.53.43:607][  0]LogFileCache: Scanning file cache for directory 'D:/Univerdad/3o/iv/PDFtutorial/Project1/Content/Developers/lukin/Collections/' took 0.01s
[2017.11.27-12.53.43:607][  0]LogFileCache: Scanning file cache for directory 'D:/Univerdad/3o/iv/PDFtutorial/Project1/Content/Collections/' took 0.01s
[2017.11.27-12.53.43:607][  0]LogCollectionManager: Rebuilt the GUID cache for 0 collections in 0.000002 seconds
[2017.11.27-12.53.43:616][  0]LogContentBrowser: Native class hierarchy populated in 0.0089 seconds. Added 2329 classes and 491 folders.
[2017.11.27-12.53.43:684][  0]LogContentBrowser: Native class hierarchy updated for 'WidgetCarousel' in 0.0005 seconds. Added 0 classes and 0 folders.
[2017.11.27-12.53.43:728][  0]LogContentBrowser: Native class hierarchy updated for 'AddContentDialog' in 0.0005 seconds. Added 0 classes and 0 folders.
[2017.11.27-12.53.43:775][  0]LogContentBrowser: Native class hierarchy updated for 'SceneOutliner' in 0.0005 seconds. Added 1 classes and 2 folders.
[2017.11.27-12.53.43:815][  0]LogCrashTracker: Crashtracker disabled due to settings.
[2017.11.27-12.53.43:819][  0]LogSlate: Took 0.000193 seconds to synchronously load lazily loaded font '../../../Engine/Content/Slate/Fonts/Roboto-Regular.ttf' (155K)
[2017.11.27-12.53.43:821][  0]LogSlate: Took 0.000209 seconds to synchronously load lazily loaded font '../../../Engine/Content/Slate/Fonts/Roboto-Bold.ttf' (160K)
[2017.11.27-12.53.44:092][  0]LogSlate: Took 0.266254 seconds to synchronously load lazily loaded font '../../../Engine/Content/Editor/Slate/Fonts/FontAwesome.ttf' (139K)
[2017.11.27-12.53.44:167][  0]LogRenderer: Reallocating scene render targets to support 1124x560 NumSamples 1 (Frame:1).
[2017.11.27-12.53.44:218][  0]LogSlate: Took 0.000219 seconds to synchronously load lazily loaded font '../../../Engine/Content/Slate/Fonts/Roboto-Light.ttf' (159K)
[2017.11.27-12.53.44:279][  0]LogUObjectGlobals:Warning: Failed to find object 'Class None.'
[2017.11.27-12.53.44:350][  0]LogContentBrowser: Native class hierarchy updated for 'HierarchicalLODOutliner' in 0.0006 seconds. Added 1 classes and 2 folders.
[2017.11.27-12.53.44:351][  0]LogLoad: (Engine Initialization) Total time: 42.03 seconds
[2017.11.27-12.53.44:351][  0]LogLoad: (Engine Initialization) Total Blueprint compile time: 0.12 seconds
[2017.11.27-12.53.44:351][  0]LogExternalProfiler: Found external profiler: VSPerf
[2017.11.27-12.53.44:351][  0]LogExternalProfiler: Using external profiler: VSPerf
[2017.11.27-12.53.44:369][  0]LogOcInput: OculusInput pre-init called
[2017.11.27-12.53.44:369][  0]LogHMD: Starting GearVRController plugin
[2017.11.27-12.53.44:461][  0]LogContentStreaming: Texture pool size now 1000 MB
[2017.11.27-12.53.52:129][458]LogAssetRegistry: Asset discovery search completed in 43.1229 seconds
[2017.11.27-12.53.52:131][458]LogCollectionManager: Rebuilt the object cache for 0 collections in 0.000001 seconds (found 0 objects)
[2017.11.27-12.53.52:131][458]LogCollectionManager: Fixed up redirectors for 0 collections in 0.000025 seconds (updated 0 objects)
[2017.11.27-13.01.14:642][447]LogEditorViewport: Clicking on Actor (LMB): StaticMeshActor (Floor)
[2017.11.27-13.01.16:167][447]LogEditorViewport: Clicking on Actor (context menu): StaticMeshActor (Floor)
[2017.11.27-13.01.19:275][600]LogEditorViewport: Clicking on Actor (LMB): BP_Sky_Sphere_C (SkySphereBlueprint)
[2017.11.27-13.01.21:165][684]Cmd: SELECT NONE
[2017.11.27-13.02.35:182][517]LogEditorViewport: Clicking on Actor (context menu): ThirdPersonCharacter_C (ThirdPersonCharacter)
[2017.11.27-13.02.36:069][547]LogEditorViewport: Clicking on Actor (context menu): ThirdPersonCharacter_C (ThirdPersonCharacter)
[2017.11.27-13.02.37:348][616]Cmd: SELECT NONE
[2017.11.27-13.05.16:659][832]LogEditorViewport: Clicking on Actor (LMB): ThirdPersonCharacter_C (ThirdPersonCharacter)
[2017.11.27-13.05.21:012][ 62]LogEditorViewport: Clicking on Actor (LMB): ThirdPersonCharacter_C (ThirdPersonCharacter)
[2017.11.27-13.05.54:903][441]LogEditorViewport: Clicking on Actor (LMB): ThirdPersonCharacter_C (ThirdPersonCharacter)
[2017.11.27-13.06.06:088][ 47]LogEditorViewport: Clicking on Actor (LMB): ThirdPersonCharacter_C (ThirdPersonCharacter)
[2017.11.27-13.06.29:248][ 51]LogEditorViewport: Clicking on Actor (LMB): ThirdPersonCharacter_C (ThirdPersonCharacter)
[2017.11.27-13.06.34:361][313]LogEditorViewport: Clicking on Actor (LMB): ThirdPersonCharacter_C (ThirdPersonCharacter)
